#
# There is insufficient memory for the Java Runtime Environment to continue.
# Native memory allocation (malloc) failed to allocate 1048576 bytes. Error detail: AllocateHeap
# Possible reasons:
#   The system is out of physical RAM or swap space
#   This process is running with CompressedOops enabled, and the Java Heap may be blocking the growth of the native heap
# Possible solutions:
#   Reduce memory load on the system
#   Increase physical memory or swap space
#   Check if swap backing store is full
#   Decrease Java heap size (-Xmx/-Xms)
#   Decrease number of Java threads
#   Decrease Java thread stack sizes (-Xss)
#   Set larger code cache with -XX:ReservedCodeCacheSize=
#   JVM is running with Unscaled Compressed Oops mode in which the Java heap is
#     placed in the first 4GB address space. The Java Heap base address is the
#     maximum limit for the native heap growth. Please use -XX:HeapBaseMinAddress
#     to set the Java Heap base and to place the Java Heap above 4GB virtual address.
# This output file may be truncated or incomplete.
#
#  Out of Memory Error (allocation.cpp:44), pid=6428, tid=11356
#
# JRE version: OpenJDK Runtime Environment Temurin-21.0.10+7 (21.0.10+7) (build 21.0.10+7-LTS)
# Java VM: OpenJDK 64-Bit Server VM Temurin-21.0.10+7 (21.0.10+7-LTS, mixed mode, sharing, tiered, compressed oops, compressed class ptrs, parallel gc, windows-amd64)
# No core dump will be written. Minidumps are not enabled by default on client versions of Windows
#

---------------  S U M M A R Y ------------

Command Line: --add-modules=ALL-SYSTEM --add-opens=java.base/java.util=ALL-UNNAMED --add-opens=java.base/java.lang=ALL-UNNAMED --add-opens=java.base/sun.nio.fs=ALL-UNNAMED -Declipse.application=org.eclipse.jdt.ls.core.id1 -Dosgi.bundles.defaultStartLevel=4 -Declipse.product=org.eclipse.jdt.ls.core.product -Djava.import.generatesMetadataFilesAtProjectRoot=false -DDetectVMInstallationsJob.disabled=true -Dfile.encoding=utf8 -XX:+UseParallelGC -XX:GCTimeRatio=4 -XX:AdaptiveSizePolicyWeight=90 -Dsun.zip.disableMemoryMapping=true -Xmx2G -Xms100m -Xlog:disable -javaagent:c:\Users\prem\.vscode\extensions\redhat.java-1.53.0-win32-x64\lombok\lombok-1.18.39-4050.jar -XX:+HeapDumpOnOutOfMemoryError -XX:HeapDumpPath=c:\Users\prem\AppData\Roaming\Code\User\workspaceStorage\7134ac4079c5b67e006682e4ca976b86\redhat.java -Daether.dependencyCollector.impl=bf c:\Users\prem\.vscode\extensions\redhat.java-1.53.0-win32-x64\server\plugins\org.eclipse.equinox.launcher_1.7.100.v20251111-0406.jar -configuration c:\Users\prem\AppData\Roaming\Code\User\globalStorage\redhat.java\1.53.0\config_win -data c:\Users\prem\AppData\Roaming\Code\User\workspaceStorage\7134ac4079c5b67e006682e4ca976b86\redhat.java\jdt_ws --pipe=\\.\pipe\lsp-cb3e02f3b6b773a4401f880b9cd9db80-sock

Host: 11th Gen Intel(R) Core(TM) i5-11400H @ 2.70GHz, 12 cores, 7G,  Windows 11 , 64 bit Build 26100 (10.0.26100.8115)
Time: Wed Apr 15 00:07:25 2026 India Standard Time elapsed time: 8687.554645 seconds (0d 2h 24m 47s)

---------------  T H R E A D  ---------------

Current thread (0x0000028ba023b970):  JavaThread "Attach Listener" daemon [_thread_in_vm, id=11356, stack(0x000000b95d200000,0x000000b95d300000) (1024K)]

Stack: [0x000000b95d200000,0x000000b95d300000]
Native frames: (J=compiled Java code, j=interpreted, Vv=VM code, C=native code)
V  [jvm.dll+0x6d7a39]
V  [jvm.dll+0x8b4b26]
V  [jvm.dll+0x8b70de]
V  [jvm.dll+0x8b77c3]
V  [jvm.dll+0x284346]
V  [jvm.dll+0xc1277]
V  [jvm.dll+0x6d82e9]
V  [jvm.dll+0x1334a6]
V  [jvm.dll+0x3f857e]
V  [jvm.dll+0x85f59d]
V  [jvm.dll+0x6d626d]
C  [ucrtbase.dll+0x37b0]
C  [KERNEL32.DLL+0x2e8d7]
C  [ntdll.dll+0x8c3fc]


---------------  P R O C E S S  ---------------

Threads class SMR info:
_java_thread_list=0x0000028b88d47300, length=39, elements={
0x0000028b9fc6eae0, 0x0000028bb891df50, 0x0000028ba0237420, 0x0000028ba023d3b0,
0x0000028ba023b970, 0x0000028ba023c690, 0x0000028ba023c000, 0x0000028ba02438b0,
0x0000028bfae677f0, 0x0000028ba023ac50, 0x0000028ba0239f30, 0x0000028ba023b2e0,
0x0000028ba023cd20, 0x0000028ba023a5c0, 0x0000028b844e9ef0, 0x0000028b844ea580,
0x0000028b844eac10, 0x0000028b844e91d0, 0x0000028b844e9860, 0x0000028b844e84b0,
0x0000028b844ef440, 0x0000028b844ecce0, 0x0000028b844eda00, 0x0000028b844ee090,
0x0000028b844ee720, 0x0000028b844ed370, 0x0000028b844eedb0, 0x0000028b844ec650,
0x0000028b8692f3d0, 0x0000028b8692fa60, 0x0000028b869300f0, 0x0000028b8692e020,
0x0000028b8692cc70, 0x0000028b86930780, 0x0000028b8692d300, 0x0000028b8692d990,
0x0000028b869314a0, 0x0000028b86931b30, 0x0000028b874c1510
}

Java Threads: ( => current thread )
  0x0000028b9fc6eae0 JavaThread "main"                              [_thread_blocked, id=3852, stack(0x000000b95cb00000,0x000000b95cc00000) (1024K)]
  0x0000028bb891df50 JavaThread "Reference Handler"          daemon [_thread_blocked, id=7340, stack(0x000000b95cf00000,0x000000b95d000000) (1024K)]
  0x0000028ba0237420 JavaThread "Finalizer"                  daemon [_thread_blocked, id=7344, stack(0x000000b95d000000,0x000000b95d100000) (1024K)]
  0x0000028ba023d3b0 JavaThread "Signal Dispatcher"          daemon [_thread_blocked, id=21252, stack(0x000000b95d100000,0x000000b95d200000) (1024K)]
=>0x0000028ba023b970 JavaThread "Attach Listener"            daemon [_thread_in_vm, id=11356, stack(0x000000b95d200000,0x000000b95d300000) (1024K)]
  0x0000028ba023c690 JavaThread "Service Thread"             daemon [_thread_blocked, id=8876, stack(0x000000b95d300000,0x000000b95d400000) (1024K)]
  0x0000028ba023c000 JavaThread "Monitor Deflation Thread"   daemon [_thread_blocked, id=7724, stack(0x000000b95d400000,0x000000b95d500000) (1024K)]
  0x0000028ba02438b0 JavaThread "C2 CompilerThread0"         daemon [_thread_blocked, id=4428, stack(0x000000b95d500000,0x000000b95d600000) (1024K)]
  0x0000028bfae677f0 JavaThread "C1 CompilerThread0"         daemon [_thread_blocked, id=5736, stack(0x000000b95d600000,0x000000b95d700000) (1024K)]
  0x0000028ba023ac50 JavaThread "Common-Cleaner"             daemon [_thread_blocked, id=14760, stack(0x000000b95d700000,0x000000b95d800000) (1024K)]
  0x0000028ba0239f30 JavaThread "Notification Thread"        daemon [_thread_blocked, id=5932, stack(0x000000b95d800000,0x000000b95d900000) (1024K)]
  0x0000028ba023b2e0 JavaThread "Active Thread: Equinox Container: 9f0449bc-4b4b-4255-a908-a0fc5a377fb2"        [_thread_blocked, id=5944, stack(0x000000b95df00000,0x000000b95e000000) (1024K)]
  0x0000028ba023cd20 JavaThread "Refresh Thread: Equinox Container: 9f0449bc-4b4b-4255-a908-a0fc5a377fb2" daemon [_thread_blocked, id=22080, stack(0x000000b95e100000,0x000000b95e200000) (1024K)]
  0x0000028ba023a5c0 JavaThread "Framework Event Dispatcher: Equinox Container: 9f0449bc-4b4b-4255-a908-a0fc5a377fb2" daemon [_thread_blocked, id=22088, stack(0x000000b95e200000,0x000000b95e300000) (1024K)]
  0x0000028b844e9ef0 JavaThread "Start Level: Equinox Container: 9f0449bc-4b4b-4255-a908-a0fc5a377fb2" daemon [_thread_blocked, id=22092, stack(0x000000b95e300000,0x000000b95e400000) (1024K)]
  0x0000028b844ea580 JavaThread "Bundle File Closer"         daemon [_thread_blocked, id=19812, stack(0x000000b95e600000,0x000000b95e700000) (1024K)]
  0x0000028b844eac10 JavaThread "SCR Component Actor"        daemon [_thread_blocked, id=3484, stack(0x000000b95c900000,0x000000b95ca00000) (1024K)]
  0x0000028b844e91d0 JavaThread "Worker-JM"                         [_thread_blocked, id=4180, stack(0x000000b95e700000,0x000000b95e800000) (1024K)]
  0x0000028b844e9860 JavaThread "JNA Cleaner"                daemon [_thread_blocked, id=2836, stack(0x000000b95e800000,0x000000b95e900000) (1024K)]
  0x0000028b844e84b0 JavaThread "Java indexing"              daemon [_thread_blocked, id=23524, stack(0x000000b95ec00000,0x000000b95ed00000) (1024K)]
  0x0000028b844ef440 JavaThread "Worker-4"                          [_thread_blocked, id=23324, stack(0x000000b95f100000,0x000000b95f200000) (1024K)]
  0x0000028b844ecce0 JavaThread "Worker-5"                          [_thread_blocked, id=23500, stack(0x000000b95f200000,0x000000b95f300000) (1024K)]
  0x0000028b844eda00 JavaThread "Thread-1"                   daemon [_thread_in_native, id=23436, stack(0x000000b95f300000,0x000000b95f400000) (1024K)]
  0x0000028b844ee090 JavaThread "Thread-2"                   daemon [_thread_in_native, id=23520, stack(0x000000b95f400000,0x000000b95f500000) (1024K)]
  0x0000028b844ee720 JavaThread "Thread-3"                   daemon [_thread_in_native, id=23424, stack(0x000000b95f500000,0x000000b95f600000) (1024K)]
  0x0000028b844ed370 JavaThread "Thread-4"                   daemon [_thread_in_native, id=16156, stack(0x000000b95f600000,0x000000b95f700000) (1024K)]
  0x0000028b844eedb0 JavaThread "Thread-5"                   daemon [_thread_in_native, id=16188, stack(0x000000b95f700000,0x000000b95f800000) (1024K)]
  0x0000028b844ec650 JavaThread "Thread-6"                   daemon [_thread_in_native, id=14096, stack(0x000000b95f800000,0x000000b95f900000) (1024K)]
  0x0000028b8692f3d0 JavaThread "Thread-7"                   daemon [_thread_in_native, id=22724, stack(0x000000b95f900000,0x000000b95fa00000) (1024K)]
  0x0000028b8692fa60 JavaThread "Thread-8"                   daemon [_thread_in_native, id=22708, stack(0x000000b95fa00000,0x000000b95fb00000) (1024K)]
  0x0000028b869300f0 JavaThread "Thread-9"                   daemon [_thread_in_native, id=13364, stack(0x000000b95fb00000,0x000000b95fc00000) (1024K)]
  0x0000028b8692e020 JavaThread "Thread-10"                  daemon [_thread_in_native, id=16592, stack(0x000000b95fc00000,0x000000b95fd00000) (1024K)]
  0x0000028b8692cc70 JavaThread "Thread-11"                  daemon [_thread_in_native, id=16616, stack(0x000000b95fd00000,0x000000b95fe00000) (1024K)]
  0x0000028b86930780 JavaThread "Thread-12"                  daemon [_thread_in_native, id=4688, stack(0x000000b95fe00000,0x000000b95ff00000) (1024K)]
  0x0000028b8692d300 JavaThread "Thread-13"                  daemon [_thread_in_native, id=4668, stack(0x000000b95ff00000,0x000000b960000000) (1024K)]
  0x0000028b8692d990 JavaThread "pool-2-thread-1"                   [_thread_blocked, id=4624, stack(0x000000b960100000,0x000000b960200000) (1024K)]
  0x0000028b869314a0 JavaThread "WorkspaceEventsHandler"            [_thread_blocked, id=13452, stack(0x000000b960200000,0x000000b960300000) (1024K)]
  0x0000028b86931b30 JavaThread "pool-1-thread-1"                   [_thread_blocked, id=14592, stack(0x000000b960300000,0x000000b960400000) (1024K)]
  0x0000028b874c1510 JavaThread "Timer-0"                           [_thread_blocked, id=18408, stack(0x000000b960f00000,0x000000b961000000) (1024K)]
Total: 39

Other Threads:
  0x0000028ba0234a00 VMThread "VM Thread"                           [id=2288, stack(0x000000b95ce00000,0x000000b95cf00000) (1024K)]
  0x0000028bb87fc950 WatcherThread "VM Periodic Task Thread"        [id=21480, stack(0x000000b95cd00000,0x000000b95ce00000) (1024K)]
  0x0000028ba01b1260 WorkerThread "GC Thread#0"                     [id=21196, stack(0x000000b95cc00000,0x000000b95cd00000) (1024K)]
  0x0000028b84126900 WorkerThread "GC Thread#1"                     [id=5920, stack(0x000000b95d900000,0x000000b95da00000) (1024K)]
  0x0000028b84126550 WorkerThread "GC Thread#2"                     [id=6076, stack(0x000000b95da00000,0x000000b95db00000) (1024K)]
  0x0000028b841277c0 WorkerThread "GC Thread#3"                     [id=15720, stack(0x000000b95db00000,0x000000b95dc00000) (1024K)]
  0x0000028b84126cb0 WorkerThread "GC Thread#4"                     [id=12052, stack(0x000000b95dc00000,0x000000b95dd00000) (1024K)]
  0x0000028b84127060 WorkerThread "GC Thread#5"                     [id=13240, stack(0x000000b95dd00000,0x000000b95de00000) (1024K)]
  0x0000028b84127410 WorkerThread "GC Thread#6"                     [id=20676, stack(0x000000b95de00000,0x000000b95df00000) (1024K)]
  0x0000028b841261a0 WorkerThread "GC Thread#7"                     [id=18004, stack(0x000000b95e000000,0x000000b95e100000) (1024K)]
  0x0000028b846d9b40 WorkerThread "GC Thread#8"                     [id=22416, stack(0x000000b95e400000,0x000000b95e500000) (1024K)]
  0x0000028b846d6b50 WorkerThread "GC Thread#9"                     [id=19644, stack(0x000000b95e500000,0x000000b95e600000) (1024K)]
Total: 12

Threads with active compile tasks:
Total: 0

VM state: not at safepoint (normal execution)

VM Mutex/Monitor currently owned by a thread: None

Heap address: 0x0000000080000000, size: 2048 MB, Compressed Oops mode: 32-bit

CDS archive(s) mapped at: [0x0000028bb9000000-0x0000028bb9ba0000-0x0000028bb9ba0000), size 12189696, SharedBaseAddress: 0x0000028bb9000000, ArchiveRelocationMode: 1.
Compressed class space mapped at: 0x0000028bba000000-0x0000028bfa000000, reserved size: 1073741824
Narrow klass base: 0x0000028bb9000000, Narrow klass shift: 0, Narrow klass range: 0x100000000

GC Precious Log:
 CardTable entry size: 512
 CPUs: 12 total, 12 available
 Memory: 7914M
 Large Page Support: Disabled
 NUMA Support: Disabled
 Compressed Oops: Enabled (32-bit)
 Alignments: Space 512K, Generation 512K, Heap 2M
 Heap Min Capacity: 100M
 Heap Initial Capacity: 100M
 Heap Max Capacity: 2G
 Pre-touch: Disabled
 Parallel Workers: 10

Heap:
 PSYoungGen      total 3072K, used 1406K [0x00000000d5580000, 0x00000000d5980000, 0x0000000100000000)
  eden space 2560K, 42% used [0x00000000d5580000,0x00000000d568faa8,0x00000000d5800000)
  from space 512K, 62% used [0x00000000d5900000,0x00000000d5950000,0x00000000d5980000)
  to   space 512K, 0% used [0x00000000d5880000,0x00000000d5880000,0x00000000d5900000)
 ParOldGen       total 162816K, used 162390K [0x0000000080000000, 0x0000000089f00000, 0x00000000d5580000)
  object space 162816K, 99% used [0x0000000080000000,0x0000000089e95820,0x0000000089f00000)
 Metaspace       used 71086K, committed 72832K, reserved 1114112K
  class space    used 8298K, committed 9088K, reserved 1048576K

Card table byte_map: [0x0000028bb3c30000,0x0000028bb4040000] _byte_map_base: 0x0000028bb3830000

Marking Bits: (ParMarkBitMap*) 0x00007ffe0afd3450
 Begin Bits: [0x0000028bb42f0000, 0x0000028bb62f0000)
 End Bits:   [0x0000028bb62f0000, 0x0000028bb82f0000)

Polling page: 0x0000028b9fef0000

Metaspace:

Usage:
  Non-class:     61.32 MB used.
      Class:      8.10 MB used.
       Both:     69.42 MB used.

Virtual space:
  Non-class space:       64.00 MB reserved,      62.25 MB ( 97%) committed,  1 nodes.
      Class space:        1.00 GB reserved,       8.88 MB ( <1%) committed,  1 nodes.
             Both:        1.06 GB reserved,      71.12 MB (  7%) committed. 

Chunk freelists:
   Non-Class:  1.47 MB
       Class:  7.19 MB
        Both:  8.66 MB

MaxMetaspaceSize: unlimited
CompressedClassSpaceSize: 1.00 GB
Initial GC threshold: 21.00 MB
Current GC threshold: 97.31 MB
CDS: on
 - commit_granule_bytes: 65536.
 - commit_granule_words: 8192.
 - virtual_space_node_default_size: 8388608.
 - enlarge_chunks_in_place: 1.
 - use_allocation_guard: 0.


Internal statistics:

num_allocs_failed_limit: 9.
num_arena_births: 1400.
num_arena_deaths: 42.
num_vsnodes_births: 2.
num_vsnodes_deaths: 0.
num_space_committed: 1138.
num_space_uncommitted: 0.
num_chunks_returned_to_freelist: 63.
num_chunks_taken_from_freelist: 4476.
num_chunk_merges: 13.
num_chunk_splits: 2803.
num_chunks_enlarged: 1671.
num_inconsistent_stats: 0.

CodeHeap 'non-profiled nmethods': size=120000Kb used=8045Kb max_used=8045Kb free=111954Kb
 bounds [0x0000028bac520000, 0x0000028bacd00000, 0x0000028bb3a50000]
CodeHeap 'profiled nmethods': size=120000Kb used=22405Kb max_used=22405Kb free=97594Kb
 bounds [0x0000028ba4a50000, 0x0000028ba6040000, 0x0000028babf80000]
CodeHeap 'non-nmethods': size=5760Kb used=1462Kb max_used=1539Kb free=4297Kb
 bounds [0x0000028babf80000, 0x0000028bac1f0000, 0x0000028bac520000]
CodeCache: size=245760Kb, used=31912Kb, max_used=31989Kb, free=213845Kb
 total_blobs=11393, nmethods=10630, adapters=668, full_count=0
Compilation: enabled, stopped_count=0, restarted_count=0

Compilation events (20 events):
Event: 7649.600 Thread 0x0000028ba02438b0 11426       4       java.util.concurrent.ThreadPoolExecutor::runStateAtLeast (11 bytes)
Event: 7649.682 Thread 0x0000028ba02438b0 nmethod 11426 0x0000028baccfb190 code [0x0000028baccfb300, 0x0000028baccfb378]
Event: 7870.125 Thread 0x0000028bfae677f0 11427   !   3       org.eclipse.osgi.internal.framework.StorageSaver$StorageSaverTask::run (31 bytes)
Event: 7870.197 Thread 0x0000028bfae677f0 nmethod 11427 0x0000028ba6029b10 code [0x0000028ba6029ce0, 0x0000028ba6029f80]
Event: 7936.180 Thread 0x0000028bfae677f0 11430       3       java.util.logging.Logger::getLogger (8 bytes)
Event: 7936.219 Thread 0x0000028bfae677f0 nmethod 11430 0x0000028ba602a110 code [0x0000028ba602a2e0, 0x0000028ba602a4a0]
Event: 7936.220 Thread 0x0000028bfae677f0 11431       3       java.util.logging.Logger::getLogger (7 bytes)
Event: 7936.222 Thread 0x0000028bfae677f0 nmethod 11431 0x0000028ba602a590 code [0x0000028ba602a740, 0x0000028ba602a868]
Event: 7936.222 Thread 0x0000028bfae677f0 11432       3       java.util.logging.Logger::demandLogger (36 bytes)
Event: 7936.256 Thread 0x0000028bfae677f0 nmethod 11432 0x0000028ba602a910 code [0x0000028ba602aba0, 0x0000028ba602b650]
Event: 8435.996 Thread 0x0000028bfae677f0 11433       3       java.security.DrbgParameters$NextBytes::<init> (66 bytes)
Event: 8436.052 Thread 0x0000028bfae677f0 nmethod 11433 0x0000028ba602ba90 code [0x0000028ba602bce0, 0x0000028ba602c570]
Event: 8436.053 Thread 0x0000028bfae677f0 11437   !   3       sun.security.provider.HashDrbg::hashGen (152 bytes)
Event: 8436.080 Thread 0x0000028bfae677f0 nmethod 11437 0x0000028ba602c890 code [0x0000028ba602cb20, 0x0000028ba602d900]
Event: 8436.080 Thread 0x0000028bfae677f0 11434       3       java.security.DrbgParameters$NextBytes::getAdditionalInput (22 bytes)
Event: 8436.081 Thread 0x0000028bfae677f0 nmethod 11434 0x0000028ba602de10 code [0x0000028ba602dfc0, 0x0000028ba602e2e0]
Event: 8436.081 Thread 0x0000028bfae677f0 11435  s    3       sun.security.provider.AbstractDrbg::instantiateIfNecessary (60 bytes)
Event: 8436.082 Thread 0x0000028bfae677f0 nmethod 11435 0x0000028ba602e390 code [0x0000028ba602e580, 0x0000028ba602e9d0]
Event: 8436.082 Thread 0x0000028bfae677f0 11436  s    3       sun.security.provider.HashDrbg::generateAlgorithm (188 bytes)
Event: 8436.095 Thread 0x0000028bfae677f0 nmethod 11436 0x0000028ba602eb10 code [0x0000028ba602ee60, 0x0000028ba6030ca0]

GC Heap History (20 events):
Event: 2814.903 GC heap before
{Heap before GC invocations=526 (full 3):
 PSYoungGen      total 3072K, used 3060K [0x00000000d5580000, 0x00000000d5a00000, 0x0000000100000000)
  eden space 2560K, 100% used [0x00000000d5580000,0x00000000d5800000,0x00000000d5800000)
  from space 512K, 97% used [0x00000000d5900000,0x00000000d597d350,0x00000000d5980000)
  to   space 1024K, 0% used [0x00000000d5800000,0x00000000d5800000,0x00000000d5900000)
 ParOldGen       total 161792K, used 161282K [0x0000000080000000, 0x0000000089e00000, 0x00000000d5580000)
  object space 161792K, 99% used [0x0000000080000000,0x0000000089d809f8,0x0000000089e00000)
 Metaspace       used 70409K, committed 72128K, reserved 1114112K
  class space    used 8246K, committed 8960K, reserved 1048576K
}
Event: 2814.904 GC heap after
{Heap after GC invocations=526 (full 3):
 PSYoungGen      total 3584K, used 320K [0x00000000d5580000, 0x00000000d5980000, 0x0000000100000000)
  eden space 2560K, 0% used [0x00000000d5580000,0x00000000d5580000,0x00000000d5800000)
  from space 1024K, 31% used [0x00000000d5800000,0x00000000d5850000,0x00000000d5900000)
  to   space 512K, 0% used [0x00000000d5900000,0x00000000d5900000,0x00000000d5980000)
 ParOldGen       total 161792K, used 161573K [0x0000000080000000, 0x0000000089e00000, 0x00000000d5580000)
  object space 161792K, 99% used [0x0000000080000000,0x0000000089dc97f0,0x0000000089e00000)
 Metaspace       used 70409K, committed 72128K, reserved 1114112K
  class space    used 8246K, committed 8960K, reserved 1048576K
}
Event: 2815.153 GC heap before
{Heap before GC invocations=527 (full 3):
 PSYoungGen      total 3584K, used 2880K [0x00000000d5580000, 0x00000000d5980000, 0x0000000100000000)
  eden space 2560K, 100% used [0x00000000d5580000,0x00000000d5800000,0x00000000d5800000)
  from space 1024K, 31% used [0x00000000d5800000,0x00000000d5850000,0x00000000d5900000)
  to   space 512K, 0% used [0x00000000d5900000,0x00000000d5900000,0x00000000d5980000)
 ParOldGen       total 161792K, used 161573K [0x0000000080000000, 0x0000000089e00000, 0x00000000d5580000)
  object space 161792K, 99% used [0x0000000080000000,0x0000000089dc97f0,0x0000000089e00000)
 Metaspace       used 70625K, committed 72256K, reserved 1114112K
  class space    used 8267K, committed 8960K, reserved 1048576K
}
Event: 2815.154 GC heap after
{Heap after GC invocations=527 (full 3):
 PSYoungGen      total 3072K, used 240K [0x00000000d5580000, 0x00000000d5980000, 0x0000000100000000)
  eden space 2560K, 0% used [0x00000000d5580000,0x00000000d5580000,0x00000000d5800000)
  from space 512K, 46% used [0x00000000d5900000,0x00000000d593c010,0x00000000d5980000)
  to   space 512K, 0% used [0x00000000d5880000,0x00000000d5880000,0x00000000d5900000)
 ParOldGen       total 161792K, used 161653K [0x0000000080000000, 0x0000000089e00000, 0x00000000d5580000)
  object space 161792K, 99% used [0x0000000080000000,0x0000000089ddd7f0,0x0000000089e00000)
 Metaspace       used 70625K, committed 72256K, reserved 1114112K
  class space    used 8267K, committed 8960K, reserved 1048576K
}
Event: 2815.516 GC heap before
{Heap before GC invocations=528 (full 3):
 PSYoungGen      total 3072K, used 2800K [0x00000000d5580000, 0x00000000d5980000, 0x0000000100000000)
  eden space 2560K, 100% used [0x00000000d5580000,0x00000000d5800000,0x00000000d5800000)
  from space 512K, 46% used [0x00000000d5900000,0x00000000d593c010,0x00000000d5980000)
  to   space 512K, 0% used [0x00000000d5880000,0x00000000d5880000,0x00000000d5900000)
 ParOldGen       total 161792K, used 161653K [0x0000000080000000, 0x0000000089e00000, 0x00000000d5580000)
  object space 161792K, 99% used [0x0000000080000000,0x0000000089ddd7f0,0x0000000089e00000)
 Metaspace       used 70654K, committed 72256K, reserved 1114112K
  class space    used 8267K, committed 8960K, reserved 1048576K
}
Event: 2815.517 GC heap after
{Heap after GC invocations=528 (full 3):
 PSYoungGen      total 3072K, used 320K [0x00000000d5580000, 0x00000000d5980000, 0x0000000100000000)
  eden space 2560K, 0% used [0x00000000d5580000,0x00000000d5580000,0x00000000d5800000)
  from space 512K, 62% used [0x00000000d5880000,0x00000000d58d0000,0x00000000d5900000)
  to   space 512K, 0% used [0x00000000d5900000,0x00000000d5900000,0x00000000d5980000)
 ParOldGen       total 162304K, used 161806K [0x0000000080000000, 0x0000000089e80000, 0x00000000d5580000)
  object space 162304K, 99% used [0x0000000080000000,0x0000000089e03800,0x0000000089e80000)
 Metaspace       used 70654K, committed 72256K, reserved 1114112K
  class space    used 8267K, committed 8960K, reserved 1048576K
}
Event: 2815.792 GC heap before
{Heap before GC invocations=529 (full 3):
 PSYoungGen      total 3072K, used 2880K [0x00000000d5580000, 0x00000000d5980000, 0x0000000100000000)
  eden space 2560K, 100% used [0x00000000d5580000,0x00000000d5800000,0x00000000d5800000)
  from space 512K, 62% used [0x00000000d5880000,0x00000000d58d0000,0x00000000d5900000)
  to   space 512K, 0% used [0x00000000d5900000,0x00000000d5900000,0x00000000d5980000)
 ParOldGen       total 162304K, used 161806K [0x0000000080000000, 0x0000000089e80000, 0x00000000d5580000)
  object space 162304K, 99% used [0x0000000080000000,0x0000000089e03800,0x0000000089e80000)
 Metaspace       used 70696K, committed 72320K, reserved 1114112K
  class space    used 8267K, committed 8960K, reserved 1048576K
}
Event: 2815.795 GC heap after
{Heap after GC invocations=529 (full 3):
 PSYoungGen      total 3072K, used 320K [0x00000000d5580000, 0x00000000d5980000, 0x0000000100000000)
  eden space 2560K, 0% used [0x00000000d5580000,0x00000000d5580000,0x00000000d5800000)
  from space 512K, 62% used [0x00000000d5900000,0x00000000d5950000,0x00000000d5980000)
  to   space 512K, 0% used [0x00000000d5880000,0x00000000d5880000,0x00000000d5900000)
 ParOldGen       total 162304K, used 161862K [0x0000000080000000, 0x0000000089e80000, 0x00000000d5580000)
  object space 162304K, 99% used [0x0000000080000000,0x0000000089e11800,0x0000000089e80000)
 Metaspace       used 70696K, committed 72320K, reserved 1114112K
  class space    used 8267K, committed 8960K, reserved 1048576K
}
Event: 2816.151 GC heap before
{Heap before GC invocations=530 (full 3):
 PSYoungGen      total 3072K, used 2880K [0x00000000d5580000, 0x00000000d5980000, 0x0000000100000000)
  eden space 2560K, 100% used [0x00000000d5580000,0x00000000d5800000,0x00000000d5800000)
  from space 512K, 62% used [0x00000000d5900000,0x00000000d5950000,0x00000000d5980000)
  to   space 512K, 0% used [0x00000000d5880000,0x00000000d5880000,0x00000000d5900000)
 ParOldGen       total 162304K, used 161862K [0x0000000080000000, 0x0000000089e80000, 0x00000000d5580000)
  object space 162304K, 99% used [0x0000000080000000,0x0000000089e11800,0x0000000089e80000)
 Metaspace       used 70746K, committed 72384K, reserved 1114112K
  class space    used 8267K, committed 8960K, reserved 1048576K
}
Event: 2816.153 GC heap after
{Heap after GC invocations=530 (full 3):
 PSYoungGen      total 3072K, used 288K [0x00000000d5580000, 0x00000000d5980000, 0x0000000100000000)
  eden space 2560K, 0% used [0x00000000d5580000,0x00000000d5580000,0x00000000d5800000)
  from space 512K, 56% used [0x00000000d5880000,0x00000000d58c8000,0x00000000d5900000)
  to   space 512K, 0% used [0x00000000d5900000,0x00000000d5900000,0x00000000d5980000)
 ParOldGen       total 162304K, used 162022K [0x0000000080000000, 0x0000000089e80000, 0x00000000d5580000)
  object space 162304K, 99% used [0x0000000080000000,0x0000000089e39800,0x0000000089e80000)
 Metaspace       used 70746K, committed 72384K, reserved 1114112K
  class space    used 8267K, committed 8960K, reserved 1048576K
}
Event: 2816.725 GC heap before
{Heap before GC invocations=531 (full 3):
 PSYoungGen      total 3072K, used 2848K [0x00000000d5580000, 0x00000000d5980000, 0x0000000100000000)
  eden space 2560K, 100% used [0x00000000d5580000,0x00000000d5800000,0x00000000d5800000)
  from space 512K, 56% used [0x00000000d5880000,0x00000000d58c8000,0x00000000d5900000)
  to   space 512K, 0% used [0x00000000d5900000,0x00000000d5900000,0x00000000d5980000)
 ParOldGen       total 162304K, used 162022K [0x0000000080000000, 0x0000000089e80000, 0x00000000d5580000)
  object space 162304K, 99% used [0x0000000080000000,0x0000000089e39800,0x0000000089e80000)
 Metaspace       used 70781K, committed 72448K, reserved 1114112K
  class space    used 8270K, committed 8960K, reserved 1048576K
}
Event: 2816.728 GC heap after
{Heap after GC invocations=531 (full 3):
 PSYoungGen      total 3072K, used 288K [0x00000000d5580000, 0x00000000d5980000, 0x0000000100000000)
  eden space 2560K, 0% used [0x00000000d5580000,0x00000000d5580000,0x00000000d5800000)
  from space 512K, 56% used [0x00000000d5900000,0x00000000d5948000,0x00000000d5980000)
  to   space 512K, 0% used [0x00000000d5880000,0x00000000d5880000,0x00000000d5900000)
 ParOldGen       total 162304K, used 162126K [0x0000000080000000, 0x0000000089e80000, 0x00000000d5580000)
  object space 162304K, 99% used [0x0000000080000000,0x0000000089e53820,0x0000000089e80000)
 Metaspace       used 70781K, committed 72448K, reserved 1114112K
  class space    used 8270K, committed 8960K, reserved 1048576K
}
Event: 2817.116 GC heap before
{Heap before GC invocations=532 (full 3):
 PSYoungGen      total 3072K, used 2848K [0x00000000d5580000, 0x00000000d5980000, 0x0000000100000000)
  eden space 2560K, 100% used [0x00000000d5580000,0x00000000d5800000,0x00000000d5800000)
  from space 512K, 56% used [0x00000000d5900000,0x00000000d5948000,0x00000000d5980000)
  to   space 512K, 0% used [0x00000000d5880000,0x00000000d5880000,0x00000000d5900000)
 ParOldGen       total 162304K, used 162126K [0x0000000080000000, 0x0000000089e80000, 0x00000000d5580000)
  object space 162304K, 99% used [0x0000000080000000,0x0000000089e53820,0x0000000089e80000)
 Metaspace       used 70790K, committed 72448K, reserved 1114112K
  class space    used 8270K, committed 8960K, reserved 1048576K
}
Event: 2817.117 GC heap after
{Heap after GC invocations=532 (full 3):
 PSYoungGen      total 3072K, used 288K [0x00000000d5580000, 0x00000000d5980000, 0x0000000100000000)
  eden space 2560K, 0% used [0x00000000d5580000,0x00000000d5580000,0x00000000d5800000)
  from space 512K, 56% used [0x00000000d5880000,0x00000000d58c8000,0x00000000d5900000)
  to   space 512K, 0% used [0x00000000d5900000,0x00000000d5900000,0x00000000d5980000)
 ParOldGen       total 162304K, used 162222K [0x0000000080000000, 0x0000000089e80000, 0x00000000d5580000)
  object space 162304K, 99% used [0x0000000080000000,0x0000000089e6b820,0x0000000089e80000)
 Metaspace       used 70790K, committed 72448K, reserved 1114112K
  class space    used 8270K, committed 8960K, reserved 1048576K
}
Event: 2817.471 GC heap before
{Heap before GC invocations=533 (full 3):
 PSYoungGen      total 3072K, used 2848K [0x00000000d5580000, 0x00000000d5980000, 0x0000000100000000)
  eden space 2560K, 100% used [0x00000000d5580000,0x00000000d5800000,0x00000000d5800000)
  from space 512K, 56% used [0x00000000d5880000,0x00000000d58c8000,0x00000000d5900000)
  to   space 512K, 0% used [0x00000000d5900000,0x00000000d5900000,0x00000000d5980000)
 ParOldGen       total 162304K, used 162222K [0x0000000080000000, 0x0000000089e80000, 0x00000000d5580000)
  object space 162304K, 99% used [0x0000000080000000,0x0000000089e6b820,0x0000000089e80000)
 Metaspace       used 70799K, committed 72448K, reserved 1114112K
  class space    used 8270K, committed 8960K, reserved 1048576K
}
Event: 2817.473 GC heap after
{Heap after GC invocations=533 (full 3):
 PSYoungGen      total 3072K, used 224K [0x00000000d5580000, 0x00000000d5980000, 0x0000000100000000)
  eden space 2560K, 0% used [0x00000000d5580000,0x00000000d5580000,0x00000000d5800000)
  from space 512K, 43% used [0x00000000d5900000,0x00000000d5938000,0x00000000d5980000)
  to   space 512K, 0% used [0x00000000d5880000,0x00000000d5880000,0x00000000d5900000)
 ParOldGen       total 162304K, used 162270K [0x0000000080000000, 0x0000000089e80000, 0x00000000d5580000)
  object space 162304K, 99% used [0x0000000080000000,0x0000000089e77820,0x0000000089e80000)
 Metaspace       used 70799K, committed 72448K, reserved 1114112K
  class space    used 8270K, committed 8960K, reserved 1048576K
}
Event: 3112.958 GC heap before
{Heap before GC invocations=534 (full 3):
 PSYoungGen      total 3072K, used 2783K [0x00000000d5580000, 0x00000000d5980000, 0x0000000100000000)
  eden space 2560K, 99% used [0x00000000d5580000,0x00000000d57fff50,0x00000000d5800000)
  from space 512K, 43% used [0x00000000d5900000,0x00000000d5938000,0x00000000d5980000)
  to   space 512K, 0% used [0x00000000d5880000,0x00000000d5880000,0x00000000d5900000)
 ParOldGen       total 162304K, used 162270K [0x0000000080000000, 0x0000000089e80000, 0x00000000d5580000)
  object space 162304K, 99% used [0x0000000080000000,0x0000000089e77820,0x0000000089e80000)
 Metaspace       used 70968K, committed 72640K, reserved 1114112K
  class space    used 8290K, committed 9024K, reserved 1048576K
}
Event: 3112.973 GC heap after
{Heap after GC invocations=534 (full 3):
 PSYoungGen      total 3072K, used 320K [0x00000000d5580000, 0x00000000d5980000, 0x0000000100000000)
  eden space 2560K, 0% used [0x00000000d5580000,0x00000000d5580000,0x00000000d5800000)
  from space 512K, 62% used [0x00000000d5880000,0x00000000d58d0000,0x00000000d5900000)
  to   space 512K, 0% used [0x00000000d5900000,0x00000000d5900000,0x00000000d5980000)
 ParOldGen       total 162816K, used 162318K [0x0000000080000000, 0x0000000089f00000, 0x00000000d5580000)
  object space 162816K, 99% used [0x0000000080000000,0x0000000089e83820,0x0000000089f00000)
 Metaspace       used 70968K, committed 72640K, reserved 1114112K
  class space    used 8290K, committed 9024K, reserved 1048576K
}
Event: 3935.440 GC heap before
{Heap before GC invocations=535 (full 3):
 PSYoungGen      total 3072K, used 2880K [0x00000000d5580000, 0x00000000d5980000, 0x0000000100000000)
  eden space 2560K, 100% used [0x00000000d5580000,0x00000000d5800000,0x00000000d5800000)
  from space 512K, 62% used [0x00000000d5880000,0x00000000d58d0000,0x00000000d5900000)
  to   space 512K, 0% used [0x00000000d5900000,0x00000000d5900000,0x00000000d5980000)
 ParOldGen       total 162816K, used 162318K [0x0000000080000000, 0x0000000089f00000, 0x00000000d5580000)
  object space 162816K, 99% used [0x0000000080000000,0x0000000089e83820,0x0000000089f00000)
 Metaspace       used 71061K, committed 72832K, reserved 1114112K
  class space    used 8298K, committed 9088K, reserved 1048576K
}
Event: 3935.476 GC heap after
{Heap after GC invocations=535 (full 3):
 PSYoungGen      total 3072K, used 320K [0x00000000d5580000, 0x00000000d5980000, 0x0000000100000000)
  eden space 2560K, 0% used [0x00000000d5580000,0x00000000d5580000,0x00000000d5800000)
  from space 512K, 62% used [0x00000000d5900000,0x00000000d5950000,0x00000000d5980000)
  to   space 512K, 0% used [0x00000000d5880000,0x00000000d5880000,0x00000000d5900000)
 ParOldGen       total 162816K, used 162390K [0x0000000080000000, 0x0000000089f00000, 0x00000000d5580000)
  object space 162816K, 99% used [0x0000000080000000,0x0000000089e95820,0x0000000089f00000)
 Metaspace       used 71061K, committed 72832K, reserved 1114112K
  class space    used 8298K, committed 9088K, reserved 1048576K
}

Dll operation events (15 events):
Event: 0.011 Loaded shared library c:\Users\prem\.vscode\extensions\redhat.java-1.53.0-win32-x64\jre\21.0.10-win32-x86_64\bin\java.dll
Event: 0.255 Loaded shared library c:\Users\prem\.vscode\extensions\redhat.java-1.53.0-win32-x64\jre\21.0.10-win32-x86_64\bin\zip.dll
Event: 0.282 Loaded shared library C:\Users\prem\.vscode\extensions\redhat.java-1.53.0-win32-x64\jre\21.0.10-win32-x86_64\bin\instrument.dll
Event: 0.292 Loaded shared library C:\Users\prem\.vscode\extensions\redhat.java-1.53.0-win32-x64\jre\21.0.10-win32-x86_64\bin\net.dll
Event: 0.295 Loaded shared library C:\Users\prem\.vscode\extensions\redhat.java-1.53.0-win32-x64\jre\21.0.10-win32-x86_64\bin\nio.dll
Event: 0.299 Loaded shared library C:\Users\prem\.vscode\extensions\redhat.java-1.53.0-win32-x64\jre\21.0.10-win32-x86_64\bin\zip.dll
Event: 0.326 Loaded shared library C:\Users\prem\.vscode\extensions\redhat.java-1.53.0-win32-x64\jre\21.0.10-win32-x86_64\bin\jimage.dll
Event: 0.474 Loaded shared library c:\Users\prem\.vscode\extensions\redhat.java-1.53.0-win32-x64\jre\21.0.10-win32-x86_64\bin\verify.dll
Event: 11.415 Loaded shared library C:\Users\prem\AppData\Roaming\Code\User\globalStorage\redhat.java\1.53.0\config_win\org.eclipse.equinox.launcher\org.eclipse.equinox.launcher.win32.win32.x86_64_1.3.0.v20260203-2149\eclipse_11919.dll
Event: 33.723 Loaded shared library C:\Users\prem\AppData\Local\Temp\jna-3449386\jna5003703962885072425.dll
Event: 41.252 Loaded shared library C:\Users\prem\.gradle\native\1def1411415f61bf3af743bc5b6707747c0891f09f0c88961ee8f79bc544acac\windows-amd64\native-platform.dll
Event: 42.629 Loaded shared library C:\Users\prem\.vscode\extensions\redhat.java-1.53.0-win32-x64\jre\21.0.10-win32-x86_64\bin\management.dll
Event: 42.634 Loaded shared library C:\Users\prem\.vscode\extensions\redhat.java-1.53.0-win32-x64\jre\21.0.10-win32-x86_64\bin\management_ext.dll
Event: 42.965 Loaded shared library C:\Users\prem\.vscode\extensions\redhat.java-1.53.0-win32-x64\jre\21.0.10-win32-x86_64\bin\sunmscapi.dll
Event: 43.207 Loaded shared library C:\Users\prem\.vscode\extensions\redhat.java-1.53.0-win32-x64\jre\21.0.10-win32-x86_64\bin\extnet.dll

Deoptimization events (20 events):
Event: 3113.002 Thread 0x0000028b844ef440 Uncommon trap: trap_request=0xffffffc6 fr.pc=0x0000028bac9de7d8 relative=0x0000000000001058
Event: 3113.002 Thread 0x0000028b844ef440 Uncommon trap: reason=bimorphic_or_optimized_type_check action=maybe_recompile pc=0x0000028bac9de7d8 method=java.io.DataOutputStream.write([BII)V @ 7 c2
Event: 3113.002 Thread 0x0000028b844ef440 DEOPT PACKING pc=0x0000028bac9de7d8 sp=0x000000b95f1fef80
Event: 3113.002 Thread 0x0000028b844ef440 DEOPT UNPACKING pc=0x0000028babfd6da2 sp=0x000000b95f1feec0 mode 2
Event: 3113.002 Thread 0x0000028b844ef440 Uncommon trap: trap_request=0xffffffc6 fr.pc=0x0000028bac9dc6e0 relative=0x0000000000000760
Event: 3113.002 Thread 0x0000028b844ef440 Uncommon trap: reason=bimorphic_or_optimized_type_check action=maybe_recompile pc=0x0000028bac9dc6e0 method=java.io.DataOutputStream.writeInt(I)V @ 19 c2
Event: 3113.002 Thread 0x0000028b844ef440 DEOPT PACKING pc=0x0000028bac9dc6e0 sp=0x000000b95f1fe9d0
Event: 3113.002 Thread 0x0000028b844ef440 DEOPT UNPACKING pc=0x0000028babfd6da2 sp=0x000000b95f1fe9a8 mode 2
Event: 3113.002 Thread 0x0000028b844ef440 Uncommon trap: trap_request=0xffffffc6 fr.pc=0x0000028bac9dc6e0 relative=0x0000000000000760
Event: 3113.002 Thread 0x0000028b844ef440 Uncommon trap: reason=bimorphic_or_optimized_type_check action=maybe_recompile pc=0x0000028bac9dc6e0 method=java.io.DataOutputStream.writeInt(I)V @ 19 c2
Event: 3113.002 Thread 0x0000028b844ef440 DEOPT PACKING pc=0x0000028bac9dc6e0 sp=0x000000b95f1fe970
Event: 3113.002 Thread 0x0000028b844ef440 DEOPT UNPACKING pc=0x0000028babfd6da2 sp=0x000000b95f1fe948 mode 2
Event: 3113.003 Thread 0x0000028b844ef440 Uncommon trap: trap_request=0xffffffc6 fr.pc=0x0000028bac9cde64 relative=0x0000000000001004
Event: 3113.003 Thread 0x0000028b844ef440 Uncommon trap: reason=bimorphic_or_optimized_type_check action=maybe_recompile pc=0x0000028bac9cde64 method=java.io.DataOutputStream.write([BII)V @ 7 c2
Event: 3113.003 Thread 0x0000028b844ef440 DEOPT PACKING pc=0x0000028bac9cde64 sp=0x000000b95f1feb30
Event: 3113.003 Thread 0x0000028b844ef440 DEOPT UNPACKING pc=0x0000028babfd6da2 sp=0x000000b95f1fea70 mode 2
Event: 3113.245 Thread 0x0000028b844ef440 Uncommon trap: trap_request=0xffffff45 fr.pc=0x0000028bac6b49f4 relative=0x0000000000000114
Event: 3113.245 Thread 0x0000028b844ef440 Uncommon trap: reason=unstable_if action=reinterpret pc=0x0000028bac6b49f4 method=org.eclipse.core.internal.localstore.SafeChunkyInputStream.read()I @ 4 c2
Event: 3113.245 Thread 0x0000028b844ef440 DEOPT PACKING pc=0x0000028bac6b49f4 sp=0x000000b95f1ff0a0
Event: 3113.245 Thread 0x0000028b844ef440 DEOPT UNPACKING pc=0x0000028babfd6da2 sp=0x000000b95f1ff038 mode 2

Classes loaded (20 events):
Event: 3112.808 Loading class java/util/stream/Nodes$CollectorTask$OfRef
Event: 3112.811 Loading class java/util/stream/Nodes$CollectorTask
Event: 3112.816 Loading class java/util/stream/Nodes$CollectorTask done
Event: 3112.816 Loading class java/util/stream/Nodes$CollectorTask$OfRef done
Event: 3112.858 Loading class java/util/function/LongFunction
Event: 3112.859 Loading class java/util/function/LongFunction done
Event: 3112.863 Loading class java/util/stream/Nodes$ConcNode
Event: 3112.865 Loading class java/util/stream/Nodes$AbstractConcNode
Event: 3112.867 Loading class java/util/stream/Nodes$AbstractConcNode done
Event: 3112.867 Loading class java/util/stream/Nodes$ConcNode done
Event: 3112.951 Loading class java/util/stream/Nodes$ToArrayTask$OfRef
Event: 3112.952 Loading class java/util/stream/Nodes$ToArrayTask
Event: 3112.953 Loading class java/util/stream/Nodes$ToArrayTask done
Event: 3112.953 Loading class java/util/stream/Nodes$ToArrayTask$OfRef done
Event: 3112.984 Loading class java/io/ObjectOutputStream$BlockDataOutputStream
Event: 3112.986 Loading class java/io/ObjectOutputStream$BlockDataOutputStream done
Event: 3112.986 Loading class java/io/ObjectOutputStream$HandleTable
Event: 3112.986 Loading class java/io/ObjectOutputStream$HandleTable done
Event: 3112.986 Loading class java/io/ObjectOutputStream$ReplaceTable
Event: 3112.987 Loading class java/io/ObjectOutputStream$ReplaceTable done

Classes unloaded (20 events):
Event: 35.412 Thread 0x0000028ba0234a00 Unloading class 0x0000028bba1a4c00 'java/lang/invoke/LambdaForm$MH+0x0000028bba1a4c00'
Event: 35.412 Thread 0x0000028ba0234a00 Unloading class 0x0000028bba1a4800 'java/lang/invoke/LambdaForm$MH+0x0000028bba1a4800'
Event: 35.412 Thread 0x0000028ba0234a00 Unloading class 0x0000028bba1a4400 'java/lang/invoke/LambdaForm$MH+0x0000028bba1a4400'
Event: 35.412 Thread 0x0000028ba0234a00 Unloading class 0x0000028bba1a4000 'java/lang/invoke/LambdaForm$BMH+0x0000028bba1a4000'
Event: 35.412 Thread 0x0000028ba0234a00 Unloading class 0x0000028bba1a3c00 'java/lang/invoke/LambdaForm$DMH+0x0000028bba1a3c00'
Event: 35.412 Thread 0x0000028ba0234a00 Unloading class 0x0000028bba1a2800 'java/lang/invoke/LambdaForm$DMH+0x0000028bba1a2800'
Event: 36.918 Thread 0x0000028ba0234a00 Unloading class 0x0000028bba350800 'java/lang/invoke/LambdaForm$MH+0x0000028bba350800'
Event: 36.918 Thread 0x0000028ba0234a00 Unloading class 0x0000028bba34dc00 'java/lang/invoke/LambdaForm$MH+0x0000028bba34dc00'
Event: 36.918 Thread 0x0000028ba0234a00 Unloading class 0x0000028bba34d400 'java/lang/invoke/LambdaForm$MH+0x0000028bba34d400'
Event: 36.918 Thread 0x0000028ba0234a00 Unloading class 0x0000028bba34cc00 'java/lang/invoke/LambdaForm$MH+0x0000028bba34cc00'
Event: 36.918 Thread 0x0000028ba0234a00 Unloading class 0x0000028bba34c800 'java/lang/invoke/LambdaForm$DMH+0x0000028bba34c800'
Event: 36.918 Thread 0x0000028ba0234a00 Unloading class 0x0000028bba347800 'java/lang/invoke/LambdaForm$MH+0x0000028bba347800'
Event: 36.918 Thread 0x0000028ba0234a00 Unloading class 0x0000028bba347000 'java/lang/invoke/LambdaForm$MH+0x0000028bba347000'
Event: 36.918 Thread 0x0000028ba0234a00 Unloading class 0x0000028bba346800 'java/lang/invoke/LambdaForm$MH+0x0000028bba346800'
Event: 36.918 Thread 0x0000028ba0234a00 Unloading class 0x0000028bba346000 'java/lang/invoke/LambdaForm$MH+0x0000028bba346000'
Event: 36.918 Thread 0x0000028ba0234a00 Unloading class 0x0000028bba345800 'java/lang/invoke/LambdaForm$MH+0x0000028bba345800'
Event: 36.918 Thread 0x0000028ba0234a00 Unloading class 0x0000028bba345000 'java/lang/invoke/LambdaForm$MH+0x0000028bba345000'
Event: 36.918 Thread 0x0000028ba0234a00 Unloading class 0x0000028bba344c00 'java/lang/invoke/LambdaForm$MH+0x0000028bba344c00'
Event: 36.918 Thread 0x0000028ba0234a00 Unloading class 0x0000028bba344000 'java/lang/invoke/LambdaForm$MH+0x0000028bba344000'
Event: 36.918 Thread 0x0000028ba0234a00 Unloading class 0x0000028bba33ac00 'java/lang/invoke/LambdaForm$DMH+0x0000028bba33ac00'

Classes redefined (0 events):
No events

Internal exceptions (20 events):
Event: 3112.929 Thread 0x0000028b844ef440 Exception <a 'sun/nio/fs/WindowsException'{0x00000000d5786b28}> (0x00000000d5786b28) 
thrown [s\src\hotspot\share\prims\jni.cpp, line 520]
Event: 3112.929 Thread 0x0000028b844ef440 Exception <a 'sun/nio/fs/WindowsException'{0x00000000d5787708}> (0x00000000d5787708) 
thrown [s\src\hotspot\share\prims\jni.cpp, line 520]
Event: 3112.930 Thread 0x0000028b844ef440 Exception <a 'sun/nio/fs/WindowsException'{0x00000000d57892d8}> (0x00000000d57892d8) 
thrown [s\src\hotspot\share\prims\jni.cpp, line 520]
Event: 3112.930 Thread 0x0000028b844ef440 Exception <a 'sun/nio/fs/WindowsException'{0x00000000d578a0f0}> (0x00000000d578a0f0) 
thrown [s\src\hotspot\share\prims\jni.cpp, line 520]
Event: 3112.935 Thread 0x0000028b844ef440 Exception <a 'sun/nio/fs/WindowsException'{0x00000000d57bb950}> (0x00000000d57bb950) 
thrown [s\src\hotspot\share\prims\jni.cpp, line 520]
Event: 3112.935 Thread 0x0000028b844ef440 Exception <a 'sun/nio/fs/WindowsException'{0x00000000d57bc518}> (0x00000000d57bc518) 
thrown [s\src\hotspot\share\prims\jni.cpp, line 520]
Event: 3112.935 Thread 0x0000028b844ef440 Exception <a 'sun/nio/fs/WindowsException'{0x00000000d57be418}> (0x00000000d57be418) 
thrown [s\src\hotspot\share\prims\jni.cpp, line 520]
Event: 3112.935 Thread 0x0000028b844ef440 Exception <a 'sun/nio/fs/WindowsException'{0x00000000d57befe8}> (0x00000000d57befe8) 
thrown [s\src\hotspot\share\prims\jni.cpp, line 520]
Event: 3112.936 Thread 0x0000028b844ef440 Exception <a 'sun/nio/fs/WindowsException'{0x00000000d57c0eb0}> (0x00000000d57c0eb0) 
thrown [s\src\hotspot\share\prims\jni.cpp, line 520]
Event: 3112.936 Thread 0x0000028b844ef440 Exception <a 'sun/nio/fs/WindowsException'{0x00000000d57c1a88}> (0x00000000d57c1a88) 
thrown [s\src\hotspot\share\prims\jni.cpp, line 520]
Event: 3112.936 Thread 0x0000028b844ef440 Exception <a 'sun/nio/fs/WindowsException'{0x00000000d57c3698}> (0x00000000d57c3698) 
thrown [s\src\hotspot\share\prims\jni.cpp, line 520]
Event: 3112.936 Thread 0x0000028b844ef440 Exception <a 'sun/nio/fs/WindowsException'{0x00000000d57c4538}> (0x00000000d57c4538) 
thrown [s\src\hotspot\share\prims\jni.cpp, line 520]
Event: 3112.936 Thread 0x0000028b844ef440 Exception <a 'sun/nio/fs/WindowsException'{0x00000000d57c6118}> (0x00000000d57c6118) 
thrown [s\src\hotspot\share\prims\jni.cpp, line 520]
Event: 3112.936 Thread 0x0000028b844ef440 Exception <a 'sun/nio/fs/WindowsException'{0x00000000d57c6c80}> (0x00000000d57c6c80) 
thrown [s\src\hotspot\share\prims\jni.cpp, line 520]
Event: 3112.937 Thread 0x0000028b844ef440 Exception <a 'sun/nio/fs/WindowsException'{0x00000000d57cab28}> (0x00000000d57cab28) 
thrown [s\src\hotspot\share\prims\jni.cpp, line 520]
Event: 3112.937 Thread 0x0000028b844ef440 Exception <a 'sun/nio/fs/WindowsException'{0x00000000d57cb730}> (0x00000000d57cb730) 
thrown [s\src\hotspot\share\prims\jni.cpp, line 520]
Event: 3112.938 Thread 0x0000028b844ef440 Exception <a 'sun/nio/fs/WindowsException'{0x00000000d57cd848}> (0x00000000d57cd848) 
thrown [s\src\hotspot\share\prims\jni.cpp, line 520]
Event: 3112.938 Thread 0x0000028b844ef440 Exception <a 'sun/nio/fs/WindowsException'{0x00000000d57ce438}> (0x00000000d57ce438) 
thrown [s\src\hotspot\share\prims\jni.cpp, line 520]
Event: 3112.941 Thread 0x0000028b844ef440 Implicit null exception at 0x0000028bacb63dff to 0x0000028bacb640a0
Event: 3113.013 Thread 0x0000028b844ef440 Exception <a 'java/lang/NoSuchMethodError'{0x00000000d55e40a0}: 'java.lang.Object java.lang.invoke.DirectMethodHandle$Holder.newInvokeSpecial(java.lang.Object, java.lang.Object, java.lang.Object, java.lang.Object, java.lang.Object, java.lang.Object, java.lang.Object, java.lang.Object)'> (0x00000000d55e40a0) 
thrown [s\src\hotspot\share\interpreter\linkResolver.cpp, line 773]

ZGC Phase Switch (0 events):
No events

VM Operations (20 events):
Event: 8340.841 Executing non-safepoint VM operation: HandshakeAllThreads (HandshakeForDeflation)
Event: 8340.851 Executing non-safepoint VM operation: HandshakeAllThreads (HandshakeForDeflation) done
Event: 8340.852 Executing non-safepoint VM operation: RendezvousGCThreads
Event: 8340.853 Executing non-safepoint VM operation: RendezvousGCThreads done
Event: 8401.076 Executing non-safepoint VM operation: HandshakeAllThreads (HandshakeForDeflation)
Event: 8401.083 Executing non-safepoint VM operation: HandshakeAllThreads (HandshakeForDeflation) done
Event: 8401.083 Executing non-safepoint VM operation: RendezvousGCThreads
Event: 8401.083 Executing non-safepoint VM operation: RendezvousGCThreads done
Event: 8461.250 Executing non-safepoint VM operation: HandshakeAllThreads (HandshakeForDeflation)
Event: 8461.262 Executing non-safepoint VM operation: HandshakeAllThreads (HandshakeForDeflation) done
Event: 8461.262 Executing non-safepoint VM operation: RendezvousGCThreads
Event: 8461.263 Executing non-safepoint VM operation: RendezvousGCThreads done
Event: 8521.356 Executing non-safepoint VM operation: HandshakeAllThreads (HandshakeForDeflation)
Event: 8521.375 Executing non-safepoint VM operation: HandshakeAllThreads (HandshakeForDeflation) done
Event: 8521.376 Executing non-safepoint VM operation: RendezvousGCThreads
Event: 8521.376 Executing non-safepoint VM operation: RendezvousGCThreads done
Event: 8581.565 Executing non-safepoint VM operation: HandshakeAllThreads (HandshakeForDeflation)
Event: 8581.570 Executing non-safepoint VM operation: HandshakeAllThreads (HandshakeForDeflation) done
Event: 8581.570 Executing non-safepoint VM operation: RendezvousGCThreads
Event: 8581.570 Executing non-safepoint VM operation: RendezvousGCThreads done

Memory protections (0 events):
No events

Nmethod flushes (20 events):
Event: 43.259 Thread 0x0000028ba0234a00 flushing  nmethod 0x0000028ba5391c10
Event: 43.259 Thread 0x0000028ba0234a00 flushing  nmethod 0x0000028ba53a7710
Event: 43.259 Thread 0x0000028ba0234a00 flushing  nmethod 0x0000028ba53a7d10
Event: 43.259 Thread 0x0000028ba0234a00 flushing  nmethod 0x0000028ba53a8590
Event: 43.259 Thread 0x0000028ba0234a00 flushing  nmethod 0x0000028ba53a8b90
Event: 43.259 Thread 0x0000028ba0234a00 flushing  nmethod 0x0000028ba53aa390
Event: 43.259 Thread 0x0000028ba0234a00 flushing  nmethod 0x0000028ba53c1f10
Event: 43.259 Thread 0x0000028ba0234a00 flushing osr nmethod 0x0000028ba53d6010
Event: 43.259 Thread 0x0000028ba0234a00 flushing  nmethod 0x0000028ba5409210
Event: 43.259 Thread 0x0000028ba0234a00 flushing  nmethod 0x0000028ba542eb10
Event: 43.259 Thread 0x0000028ba0234a00 flushing  nmethod 0x0000028ba542f890
Event: 43.259 Thread 0x0000028ba0234a00 flushing  nmethod 0x0000028ba5430a10
Event: 43.259 Thread 0x0000028ba0234a00 flushing  nmethod 0x0000028ba5431710
Event: 43.259 Thread 0x0000028ba0234a00 flushing  nmethod 0x0000028ba5431b10
Event: 43.259 Thread 0x0000028ba0234a00 flushing  nmethod 0x0000028ba5433510
Event: 43.259 Thread 0x0000028ba0234a00 flushing  nmethod 0x0000028ba543a890
Event: 43.259 Thread 0x0000028ba0234a00 flushing  nmethod 0x0000028ba543c390
Event: 43.259 Thread 0x0000028ba0234a00 flushing  nmethod 0x0000028ba5449090
Event: 43.259 Thread 0x0000028ba0234a00 flushing  nmethod 0x0000028ba544ba10
Event: 43.259 Thread 0x0000028ba0234a00 flushing  nmethod 0x0000028ba544f610

Events (20 events):
Event: 3112.951 Thread 0x0000028b874bf440 Thread added: 0x0000028b86933c00
Event: 3112.951 Thread 0x0000028b874c0160 Thread added: 0x0000028b86934290
Event: 3112.954 Thread 0x0000028b874c0160 Thread exited: 0x0000028b874c0160
Event: 3112.954 Thread 0x0000028b86933c00 Thread exited: 0x0000028b86933c00
Event: 3112.954 Thread 0x0000028b86934290 Thread exited: 0x0000028b86934290
Event: 3112.954 Thread 0x0000028b869321c0 Thread exited: 0x0000028b869321c0
Event: 3112.954 Thread 0x0000028b874c2f50 Thread exited: 0x0000028b874c2f50
Event: 3112.954 Thread 0x0000028b8692ed40 Thread exited: 0x0000028b8692ed40
Event: 3112.954 Thread 0x0000028b874c0e80 Thread exited: 0x0000028b874c0e80
Event: 3112.954 Thread 0x0000028b874bf440 Thread exited: 0x0000028b874bf440
Event: 3112.954 Thread 0x0000028b86930e10 Thread exited: 0x0000028b86930e10
Event: 3112.954 Thread 0x0000028b874c4990 Thread exited: 0x0000028b874c4990
Event: 3117.013 Thread 0x0000028b874bfad0 Thread exited: 0x0000028b874bfad0
Event: 3177.021 Thread 0x0000028b874be090 Thread exited: 0x0000028b874be090
Event: 3237.033 Thread 0x0000028b874c5020 Thread exited: 0x0000028b874c5020
Event: 3297.038 Thread 0x0000028b874c56b0 Thread exited: 0x0000028b874c56b0
Event: 3357.055 Thread 0x0000028b874c4300 Thread exited: 0x0000028b874c4300
Event: 3417.054 Thread 0x0000028b874c28c0 Thread exited: 0x0000028b874c28c0
Event: 3477.086 Thread 0x0000028b874be720 Thread exited: 0x0000028b874be720
Event: 3537.090 Thread 0x0000028b874c35e0 Thread exited: 0x0000028b874c35e0


Dynamic libraries:
0x00007ff79b9f0000 - 0x00007ff79b9fe000 	c:\Users\prem\.vscode\extensions\redhat.java-1.53.0-win32-x64\jre\21.0.10-win32-x86_64\bin\java.exe
0x00007ffec26c0000 - 0x00007ffec2927000 	C:\WINDOWS\SYSTEM32\ntdll.dll
0x00007ffec0530000 - 0x00007ffec05f9000 	C:\WINDOWS\System32\KERNEL32.DLL
0x00007ffebf940000 - 0x00007ffebfd34000 	C:\WINDOWS\System32\KERNELBASE.dll
0x00007ffebfdf0000 - 0x00007ffebff3b000 	C:\WINDOWS\System32\ucrtbase.dll
0x00007ffeb7e00000 - 0x00007ffeb7e1e000 	c:\Users\prem\.vscode\extensions\redhat.java-1.53.0-win32-x64\jre\21.0.10-win32-x86_64\bin\VCRUNTIME140.dll
0x00007ffeb7de0000 - 0x00007ffeb7df8000 	c:\Users\prem\.vscode\extensions\redhat.java-1.53.0-win32-x64\jre\21.0.10-win32-x86_64\bin\jli.dll
0x00007ffec22b0000 - 0x00007ffec2475000 	C:\WINDOWS\System32\USER32.dll
0x00007ffec02f0000 - 0x00007ffec0317000 	C:\WINDOWS\System32\win32u.dll
0x00007ffea1e30000 - 0x00007ffea20c3000 	C:\WINDOWS\WinSxS\amd64_microsoft.windows.common-controls_6595b64144ccf1df_6.0.26100.8115_none_3e075c82e3354f9c\COMCTL32.dll
0x00007ffec0500000 - 0x00007ffec052b000 	C:\WINDOWS\System32\GDI32.dll
0x00007ffec1a60000 - 0x00007ffec1b09000 	C:\WINDOWS\System32\msvcrt.dll
0x00007ffec0320000 - 0x00007ffec044a000 	C:\WINDOWS\System32\gdi32full.dll
0x00007ffebfd40000 - 0x00007ffebfde3000 	C:\WINDOWS\System32\msvcp_win.dll
0x00007ffec2480000 - 0x00007ffec24b2000 	C:\WINDOWS\System32\IMM32.DLL
0x00007ffeb7db0000 - 0x00007ffeb7dbc000 	c:\Users\prem\.vscode\extensions\redhat.java-1.53.0-win32-x64\jre\21.0.10-win32-x86_64\bin\vcruntime140_1.dll
0x00007ffe0b0c0000 - 0x00007ffe0b14d000 	c:\Users\prem\.vscode\extensions\redhat.java-1.53.0-win32-x64\jre\21.0.10-win32-x86_64\bin\msvcp140.dll
0x00007ffe0a310000 - 0x00007ffe0b0b1000 	c:\Users\prem\.vscode\extensions\redhat.java-1.53.0-win32-x64\jre\21.0.10-win32-x86_64\bin\server\jvm.dll
0x00007ffec1b20000 - 0x00007ffec1bd6000 	C:\WINDOWS\System32\ADVAPI32.dll
0x00007ffec0450000 - 0x00007ffec04f7000 	C:\WINDOWS\System32\sechost.dll
0x00007ffec0a90000 - 0x00007ffec0ba8000 	C:\WINDOWS\System32\RPCRT4.dll
0x00007ffec14f0000 - 0x00007ffec1570000 	C:\WINDOWS\System32\WS2_32.dll
0x00007ffeb12b0000 - 0x00007ffeb12e6000 	C:\WINDOWS\SYSTEM32\WINMM.dll
0x00007ffeb34e0000 - 0x00007ffeb34eb000 	C:\WINDOWS\SYSTEM32\VERSION.dll
0x00007ffebdb90000 - 0x00007ffebdbee000 	C:\WINDOWS\SYSTEM32\POWRPROF.dll
0x00007ffebdb70000 - 0x00007ffebdb84000 	C:\WINDOWS\SYSTEM32\UMPDC.dll
0x00007ffebde40000 - 0x00007ffebde5b000 	C:\WINDOWS\SYSTEM32\kernel.appcore.dll
0x00007ffe0fad0000 - 0x00007ffe0fada000 	c:\Users\prem\.vscode\extensions\redhat.java-1.53.0-win32-x64\jre\21.0.10-win32-x86_64\bin\jimage.dll
0x00007ffebc860000 - 0x00007ffebcaa2000 	C:\WINDOWS\SYSTEM32\DBGHELP.DLL
0x00007ffec16d0000 - 0x00007ffec1a52000 	C:\WINDOWS\System32\combase.dll
0x00007ffec15a0000 - 0x00007ffec1677000 	C:\WINDOWS\System32\OLEAUT32.dll
0x00007ffeac110000 - 0x00007ffeac14b000 	C:\WINDOWS\SYSTEM32\dbgcore.DLL
0x00007ffebf890000 - 0x00007ffebf935000 	C:\WINDOWS\System32\bcryptPrimitives.dll
0x00007ffe0b5a0000 - 0x00007ffe0b5af000 	c:\Users\prem\.vscode\extensions\redhat.java-1.53.0-win32-x64\jre\21.0.10-win32-x86_64\bin\instrument.dll
0x00007ffeb7dc0000 - 0x00007ffeb7de0000 	c:\Users\prem\.vscode\extensions\redhat.java-1.53.0-win32-x64\jre\21.0.10-win32-x86_64\bin\java.dll
0x00007ffec0c80000 - 0x00007ffec13e6000 	C:\WINDOWS\System32\SHELL32.dll
0x00007ffec0180000 - 0x00007ffec02ea000 	C:\WINDOWS\System32\wintypes.dll
0x00007ffebf020000 - 0x00007ffebf885000 	C:\WINDOWS\System32\windows.storage.dll
0x00007ffec13f0000 - 0x00007ffec14e7000 	C:\WINDOWS\System32\SHCORE.dll
0x00007ffec2590000 - 0x00007ffec25f6000 	C:\WINDOWS\System32\shlwapi.dll
0x00007ffebeeb0000 - 0x00007ffebeed9000 	C:\WINDOWS\SYSTEM32\profapi.dll
0x00007ffe0b390000 - 0x00007ffe0b3a8000 	c:\Users\prem\.vscode\extensions\redhat.java-1.53.0-win32-x64\jre\21.0.10-win32-x86_64\bin\zip.dll
0x00007ffe0b590000 - 0x00007ffe0b5a0000 	C:\Users\prem\.vscode\extensions\redhat.java-1.53.0-win32-x64\jre\21.0.10-win32-x86_64\bin\net.dll
0x00007ffeb6170000 - 0x00007ffeb629d000 	C:\WINDOWS\SYSTEM32\WINHTTP.dll
0x00007ffebe3b0000 - 0x00007ffebe41c000 	C:\WINDOWS\system32\mswsock.dll
0x00007ffe0b370000 - 0x00007ffe0b386000 	C:\Users\prem\.vscode\extensions\redhat.java-1.53.0-win32-x64\jre\21.0.10-win32-x86_64\bin\nio.dll
0x00007ffe0b360000 - 0x00007ffe0b370000 	c:\Users\prem\.vscode\extensions\redhat.java-1.53.0-win32-x64\jre\21.0.10-win32-x86_64\bin\verify.dll
0x00007ffe09f50000 - 0x00007ffe09f95000 	C:\Users\prem\AppData\Roaming\Code\User\globalStorage\redhat.java\1.53.0\config_win\org.eclipse.equinox.launcher\org.eclipse.equinox.launcher.win32.win32.x86_64_1.3.0.v20260203-2149\eclipse_11919.dll
0x00007ffec2110000 - 0x00007ffec22a7000 	C:\WINDOWS\System32\ole32.dll
0x00007ffebe690000 - 0x00007ffebe6ab000 	C:\WINDOWS\SYSTEM32\CRYPTSP.dll
0x00007ffebdda0000 - 0x00007ffebddd9000 	C:\WINDOWS\system32\rsaenh.dll
0x00007ffebe460000 - 0x00007ffebe493000 	C:\WINDOWS\SYSTEM32\USERENV.dll
0x00007ffebee80000 - 0x00007ffebeeaa000 	C:\WINDOWS\SYSTEM32\bcrypt.dll
0x00007ffebe6b0000 - 0x00007ffebe6bc000 	C:\WINDOWS\SYSTEM32\CRYPTBASE.dll
0x00007ffebd820000 - 0x00007ffebd852000 	C:\WINDOWS\SYSTEM32\IPHLPAPI.DLL
0x00007ffec2100000 - 0x00007ffec210a000 	C:\WINDOWS\System32\NSI.dll
0x00007ffe02a60000 - 0x00007ffe02aa9000 	C:\Users\prem\AppData\Local\Temp\jna-3449386\jna5003703962885072425.dll
0x00007ffec24c0000 - 0x00007ffec24c8000 	C:\WINDOWS\System32\PSAPI.DLL
0x00007ffeb6830000 - 0x00007ffeb684d000 	C:\WINDOWS\SYSTEM32\dhcpcsvc6.DLL
0x00007ffeb6780000 - 0x00007ffeb67a5000 	C:\WINDOWS\SYSTEM32\dhcpcsvc.DLL
0x00007ffe2fcc0000 - 0x00007ffe2fce7000 	C:\Users\prem\.gradle\native\1def1411415f61bf3af743bc5b6707747c0891f09f0c88961ee8f79bc544acac\windows-amd64\native-platform.dll
0x00007ffe0b1a0000 - 0x00007ffe0b1aa000 	C:\Users\prem\.vscode\extensions\redhat.java-1.53.0-win32-x64\jre\21.0.10-win32-x86_64\bin\management.dll
0x00007ffe0b190000 - 0x00007ffe0b19c000 	C:\Users\prem\.vscode\extensions\redhat.java-1.53.0-win32-x64\jre\21.0.10-win32-x86_64\bin\management_ext.dll
0x00007ffe0b180000 - 0x00007ffe0b18e000 	C:\Users\prem\.vscode\extensions\redhat.java-1.53.0-win32-x64\jre\21.0.10-win32-x86_64\bin\sunmscapi.dll
0x00007ffebff40000 - 0x00007ffec00b7000 	C:\WINDOWS\System32\CRYPT32.dll
0x00007ffebe8b0000 - 0x00007ffebe8e0000 	C:\WINDOWS\SYSTEM32\ncrypt.dll
0x00007ffebe860000 - 0x00007ffebe89f000 	C:\WINDOWS\SYSTEM32\NTASN1.dll
0x00007ffebd900000 - 0x00007ffebda32000 	C:\WINDOWS\SYSTEM32\DNSAPI.dll
0x00007ffeb5da0000 - 0x00007ffeb5dab000 	C:\Windows\System32\rasadhlp.dll
0x00007ffe0b170000 - 0x00007ffe0b179000 	C:\Users\prem\.vscode\extensions\redhat.java-1.53.0-win32-x64\jre\21.0.10-win32-x86_64\bin\extnet.dll
0x00007ffeb68c0000 - 0x00007ffeb6946000 	C:\WINDOWS\System32\fwpuclnt.dll
0x00007ffe9d2e0000 - 0x00007ffe9d2e8000 	C:\WINDOWS\system32\wshunix.dll

JVMTI agents:
c:\Users\prem\.vscode\extensions\redhat.java-1.53.0-win32-x64\lombok\lombok-1.18.39-4050.jar path:c:\Users\prem\.vscode\extensions\redhat.java-1.53.0-win32-x64\jre\21.0.10-win32-x86_64\bin\instrument.dll, loaded, initialized, instrumentlib options:none

dbghelp: loaded successfully - version: 4.0.5 - missing functions: none
symbol engine: initialized successfully - sym options: 0x614 - pdb path: .;c:\Users\prem\.vscode\extensions\redhat.java-1.53.0-win32-x64\jre\21.0.10-win32-x86_64\bin;C:\WINDOWS\SYSTEM32;C:\WINDOWS\WinSxS\amd64_microsoft.windows.common-controls_6595b64144ccf1df_6.0.26100.8115_none_3e075c82e3354f9c;c:\Users\prem\.vscode\extensions\redhat.java-1.53.0-win32-x64\jre\21.0.10-win32-x86_64\bin\server;C:\Users\prem\AppData\Roaming\Code\User\globalStorage\redhat.java\1.53.0\config_win\org.eclipse.equinox.launcher\org.eclipse.equinox.launcher.win32.win32.x86_64_1.3.0.v20260203-2149;C:\Users\prem\AppData\Local\Temp\jna-3449386;C:\Users\prem\.gradle\native\1def1411415f61bf3af743bc5b6707747c0891f09f0c88961ee8f79bc544acac\windows-amd64

VM Arguments:
jvm_args: --add-modules=ALL-SYSTEM --add-opens=java.base/java.util=ALL-UNNAMED --add-opens=java.base/java.lang=ALL-UNNAMED --add-opens=java.base/sun.nio.fs=ALL-UNNAMED -Declipse.application=org.eclipse.jdt.ls.core.id1 -Dosgi.bundles.defaultStartLevel=4 -Declipse.product=org.eclipse.jdt.ls.core.product -Djava.import.generatesMetadataFilesAtProjectRoot=false -DDetectVMInstallationsJob.disabled=true -Dfile.encoding=utf8 -XX:+UseParallelGC -XX:GCTimeRatio=4 -XX:AdaptiveSizePolicyWeight=90 -Dsun.zip.disableMemoryMapping=true -Xmx2G -Xms100m -Xlog:disable -javaagent:c:\Users\prem\.vscode\extensions\redhat.java-1.53.0-win32-x64\lombok\lombok-1.18.39-4050.jar -XX:+HeapDumpOnOutOfMemoryError -XX:HeapDumpPath=c:\Users\prem\AppData\Roaming\Code\User\workspaceStorage\7134ac4079c5b67e006682e4ca976b86\redhat.java -Daether.dependencyCollector.impl=bf 
java_command: c:\Users\prem\.vscode\extensions\redhat.java-1.53.0-win32-x64\server\plugins\org.eclipse.equinox.launcher_1.7.100.v20251111-0406.jar -configuration c:\Users\prem\AppData\Roaming\Code\User\globalStorage\redhat.java\1.53.0\config_win -data c:\Users\prem\AppData\Roaming\Code\User\workspaceStorage\7134ac4079c5b67e006682e4ca976b86\redhat.java\jdt_ws --pipe=\\.\pipe\lsp-cb3e02f3b6b773a4401f880b9cd9db80-sock
java_class_path (initial): c:\Users\prem\.vscode\extensions\redhat.java-1.53.0-win32-x64\server\plugins\org.eclipse.equinox.launcher_1.7.100.v20251111-0406.jar
Launcher Type: SUN_STANDARD

[Global flags]
    uintx AdaptiveSizePolicyWeight                 = 90                                        {product} {command line}
     intx CICompilerCount                          = 4                                         {product} {ergonomic}
    uintx GCTimeRatio                              = 4                                         {product} {command line}
     bool HeapDumpOnOutOfMemoryError               = true                                   {manageable} {command line}
    ccstr HeapDumpPath                             = c:\Users\prem\AppData\Roaming\Code\User\workspaceStorage\7134ac4079c5b67e006682e4ca976b86\redhat.java         {manageable} {command line}
   size_t InitialHeapSize                          = 104857600                                 {product} {command line}
   size_t MaxHeapSize                              = 2147483648                                {product} {command line}
   size_t MaxNewSize                               = 715653120                                 {product} {ergonomic}
   size_t MinHeapDeltaBytes                        = 524288                                    {product} {ergonomic}
   size_t MinHeapSize                              = 104857600                                 {product} {command line}
   size_t NewSize                                  = 34603008                                  {product} {ergonomic}
    uintx NonNMethodCodeHeapSize                   = 5839372                                {pd product} {ergonomic}
    uintx NonProfiledCodeHeapSize                  = 122909434                              {pd product} {ergonomic}
   size_t OldSize                                  = 70254592                                  {product} {ergonomic}
    uintx ProfiledCodeHeapSize                     = 122909434                              {pd product} {ergonomic}
    uintx ReservedCodeCacheSize                    = 251658240                              {pd product} {ergonomic}
     bool SegmentedCodeCache                       = true                                      {product} {ergonomic}
   size_t SoftMaxHeapSize                          = 2147483648                             {manageable} {ergonomic}
     bool UseCompressedOops                        = true                           {product lp64_product} {ergonomic}
     bool UseLargePagesIndividualAllocation        = false                                  {pd product} {ergonomic}
     bool UseParallelGC                            = true                                      {product} {command line}

Logging:
Log output configuration:
 #0: stdout all=off uptime,level,tags foldmultilines=false
 #1: stderr all=off uptime,level,tags foldmultilines=false

Release file:
JAVA_VERSION="21.0.10" 
MODULES="java.base java.compiler java.datatransfer java.xml java.prefs java.desktop java.instrument java.logging java.management java.security.sasl java.naming java.rmi java.management.rmi java.net.http java.scripting java.security.jgss java.transaction.xa java.sql java.sql.rowset java.xml.crypto java.se java.smartcardio jdk.accessibility jdk.internal.jvmstat jdk.attach jdk.charsets jdk.internal.opt jdk.zipfs jdk.compiler jdk.crypto.ec jdk.crypto.cryptoki jdk.crypto.mscapi jdk.dynalink jdk.internal.ed jdk.editpad jdk.hotspot.agent jdk.httpserver jdk.internal.le jdk.internal.vm.ci jdk.internal.vm.compiler jdk.internal.vm.compiler.management jdk.jartool jdk.javadoc jdk.jcmd jdk.management jdk.management.agent jdk.jconsole jdk.jdeps jdk.jdwp.agent jdk.jdi jdk.jfr jdk.jshell jdk.jsobject jdk.jstatd jdk.localedata jdk.management.jfr jdk.naming.dns jdk.naming.rmi jdk.net jdk.nio.mapmode jdk.random jdk.sctp jdk.security.auth jdk.security.jgss jdk.unsupported jdk.unsupported.desktop jdk.xml.dom" 

Environment Variables:
JAVA_HOME=C:\Program Files\Microsoft\jdk-17.0.14.7-hotspot
PATH=C:\Users\prem\AppData\Local\Programs\Microsoft VS Code;C:\Users\prem\AppData\Local\Programs\Python\Python39\Scripts;C:\Users\prem\AppData\Local\Programs\Python\Python39\;C:\Program Files\Microsoft\jdk-17.0.14.7-hotspot\bin;C:\maven-mvnd-1.0.2-windows-amd64\bin;C:\Program Files\Common Files\Oracle\Java\javapath;C:\Program Files (x86)\Common Files\Oracle\Java\java8path;C:\Program Files (x86)\Common Files\Oracle\Java\javapath;C:\Program Files (x86)\VMware\VMware Workstation\bin\;C:\Windows\system32;C:\Windows;C:\Windows\System32\Wbem;C:\Windows\System32\WindowsPowerShell\v1.0\;C:\Windows\System32\OpenSSH\;C:\Program Files (x86)\NVIDIA Corporation\PhysX\Common;C:\Program Files\dotnet\;C:\ProgramData\chocolatey\bin;C:\Program Files\Git\cmd;C:\Users\prem\.bun\bin;C:\Program Files\CMake\bin;C:\Program Files\Graphviz\bin;C:\WINDOWS\system32;C:\WINDOWS;C:\WINDOWS\System32\Wbem;C:\WINDOWS\System32\WindowsPowerShell\v1.0\;C:\WINDOWS\System32\OpenSSH\;C:\Program Files\NVIDIA Corporation\NVIDIA app\NvDLISR;C:\Program Files\nodejs\;C:\Users\prem\AppData\Local\Android\Sdk\platform-tools;C:\Users\prem\AppData\Local\Android\Sdk\cmdline-tools;C:\Users\prem\AppData\Local\Android\Sdk\platforms;C:\Users\prem\AppData\Local\Android\Sdk\build-tools;C:\Users\prem\AppData\Local\Android\Sdk\emulator;C:\Users\prem\AppData\Local\Android\Sdk;C:\Users\prem\Downloads\javafx-sdk-24.0.1\bin;C:\maven-mvnd-1.0.2-windows-amd64\mvn\bin;C:\Program Files\Docker\Docker\resources\bin;D:\College\Sem6\webprograming\php-8.5.1-src;C:\Users\prem\.local\bin;C:\Users\prem\python\Scripts\;C:\Users\prem\python\;C:\Users\prem\AppData\Local\Programs\Python\Python39\;C:\Users\prem\AppData\Local\Programs\Python\Python39\Scripts;C:\Program Files\Microsoft\jdk-17.0.14.7-hotspot\bin;C:\maven-mvnd-1.0.2-windows-amd64\bin;C:\Program Files\Common Files\Oracle\Java\javapath;C:\Program Files (x86)\Common Files\Oracle\Java\java8path;C:\Program Files (x86)\Common Files\Oracle\Java\javapath;C:\Program Files (x86)\VMware\VMware Workstation\bin\;C:\Windows\system32;C:\Windows;C:\Windows\System32\Wbem;C:\Windows\System32\WindowsPowerShell\v1.0\;C:\Windows\System32\OpenSSH\;C:\Program Files (x86)\NVIDIA Corporation\PhysX\Common;C:\Program Files\dotnet\;C:\ProgramData\chocolatey\bin;C:\Program Files\Git\cmd;C:\Users\prem\.bun\bin;C:\Program Files\CMake\bin;C:\Program Files\Graphviz\bin;C:\WINDOWS\system32;C:\WINDOWS;C:\WINDOWS\System32\Wbem;C:\WINDOWS\System32\WindowsPowerShell\v1.0\;C:\WINDOWS\System32\OpenSSH\;C:\Program Files\NVIDIA Corporation\NVIDIA app\NvDLISR;C:\Program Files\nodejs\;C:\Users\prem\AppData\Local\Android\Sdk\platform-tools;C:\Users\prem\AppData\Local\Android\Sdk\cmdline-tools;C:\Users\prem\AppData\Local\Android\Sdk\platforms;C:\Users\prem\AppData\Local\Android\Sdk\build-tools;C:\Users\prem\AppData\Local\Android\Sdk\emulator;C:\Users\prem\AppData\Local\Android\Sdk;C:\Users\prem\Downloads\javafx-sdk-24.0.1\bin;C:\maven-mvnd-1.0.2-windows-amd64\mvn\bin;C:\Program Files\Docker\Docker\resources\bin;C:\Users\prem\AppD;C:\Users\prem\AppData\Local\Programs\cursor\resources\app\bin;C:\Users\prem\AppData\Local\Programs\Microsoft VS Code\bin;C:\Users\prem\AppData\Local\Microsoft\WindowsApps;C:\Users\prem\AppData\Local\Microsoft\WindowsApps;C:\Users\prem\AppData\Local\Programs\oh-my-posh\bin;C:\Users\prem\AppData\Local\Programs\Antigravity\bin;
USERNAME=prem
OS=Windows_NT
PROCESSOR_IDENTIFIER=Intel64 Family 6 Model 141 Stepping 1, GenuineIntel
TMP=C:\Users\prem\AppData\Local\Temp
TEMP=C:\Users\prem\AppData\Local\Temp




Periodic native trim disabled

---------------  S Y S T E M  ---------------

OS:
 Windows 11 , 64 bit Build 26100 (10.0.26100.8115)
OS uptime: 0 days 2:26 hours
Hyper-V role detected

CPU: total 12 (initial active 12) (6 cores per cpu, 2 threads per core) family 6 model 141 stepping 1 microcode 0x50, cx8, cmov, fxsr, ht, mmx, 3dnowpref, sse, sse2, sse3, ssse3, sse4.1, sse4.2, popcnt, lzcnt, tsc, tscinvbit, avx, avx2, aes, erms, clmul, bmi1, bmi2, adx, avx512f, avx512dq, avx512cd, avx512bw, avx512vl, sha, fma, vzeroupper, avx512_vpopcntdq, avx512_vpclmulqdq, avx512_vaes, avx512_vnni, clflush, clflushopt, clwb, avx512_vbmi2, avx512_vbmi, hv, rdtscp, rdpid, fsrm, gfni, avx512_bitalg, f16c, cet_ibt, cet_ss, avx512_ifma
Processor Information for the first 12 processors :
  Max Mhz: 2688, Current Mhz: 2688, Mhz Limit: 2688

Memory: 4k page, system-wide physical 7914M (2794M free)
TotalPageFile size 40682M (AvailPageFile size 33M)
current process WorkingSet (physical memory assigned to process): 8M, peak: 282M
current process commit charge ("private bytes"): 468M, peak: 493M

vm_info: OpenJDK 64-Bit Server VM (21.0.10+7-LTS) for windows-amd64 JRE (21.0.10+7-LTS), built on 2026-01-20T00:00:00Z by "admin" with MS VC++ 17.12 (VS2022)

END.
