oh-my-posh : The term 'oh-my-posh' is not recognized as the name of a cmdlet, function, script file, or operable 
program. Check the spelling of the name, or if a path was included, verify that the path is correct and try again.
At C:\Users\prem\OneDrive\Documents\WindowsPowerShell\Microsoft.PowerShell_profile.ps1:1 char:1
+ oh-my-posh init pwsh --config "$env:POSH_THEMES_PATH\paradox.omp.json ...
+ ~~~~~~~~~~
    + CategoryInfo          : ObjectNotFound: (oh-my-posh:String) [], CommandNotFoundException
    + FullyQualifiedErrorId : CommandNotFoundException
 

> NimbusX@0.0.1 android
> react-native run-android

info Installing the app...
Starting a Gradle Daemon, 2 busy and 5 incompatible and 1 stopped Daemons could not be reused, use --status for details
> Task :gradle-plugin:settings-plugin:checkKotlinGradlePluginConfigurationErrors SKIPPED
> Task :gradle-plugin:shared:checkKotlinGradlePluginConfigurationErrors SKIPPED
> Task :gradle-plugin:shared:compileKotlin UP-TO-DATE
> Task :gradle-plugin:shared:compileJava NO-SOURCE
> Task :gradle-plugin:shared:processResources NO-SOURCE
> Task :gradle-plugin:shared:classes UP-TO-DATE
> Task :gradle-plugin:shared:jar
> Task :gradle-plugin:settings-plugin:compileKotlin UP-TO-DATE
> Task :gradle-plugin:settings-plugin:compileJava NO-SOURCE
> Task :gradle-plugin:settings-plugin:pluginDescriptors UP-TO-DATE
> Task :gradle-plugin:settings-plugin:processResources
> Task :gradle-plugin:settings-plugin:classes
> Task :gradle-plugin:settings-plugin:jar
> Task :gradle-plugin:react-native-gradle-plugin:checkKotlinGradlePluginConfigurationErrors SKIPPED
> Task :gradle-plugin:react-native-gradle-plugin:compileKotlin UP-TO-DATE
> Task :gradle-plugin:react-native-gradle-plugin:compileJava NO-SOURCE
> Task :gradle-plugin:react-native-gradle-plugin:pluginDescriptors UP-TO-DATE
> Task :gradle-plugin:react-native-gradle-plugin:processResources
> Task :gradle-plugin:react-native-gradle-plugin:classes
> Task :gradle-plugin:react-native-gradle-plugin:jar

> Configure project :

> Configure project :react-native-firebase_app
:react-native-firebase_app package.json found at D:\New folder\NimbusX\node_modules\@react-native-firebase\app\package.json
:react-native-firebase_app:firebase.bom using default value: 34.8.0
:react-native-firebase_app:play.play-services-auth using default value: 21.4.0
:react-native-firebase_app package.json found at D:\New folder\NimbusX\node_modules\@react-native-firebase\app\package.json
:react-native-firebase_app:version set from package.json: 23.8.6 (23,8,6 - 23008006)
:react-native-firebase_app:android.compileSdk using custom value: 36
:react-native-firebase_app:android.targetSdk using custom value: 36
:react-native-firebase_app:android.minSdk using custom value: 24
:react-native-firebase_app:reactNativeAndroidDir D:\New folder\NimbusX\node_modules\react-native

> Configure project :react-native-firebase_auth
:react-native-firebase_auth package.json found at D:\New folder\NimbusX\node_modules\@react-native-firebase\auth\package.json
:react-native-firebase_app package.json found at D:\New folder\NimbusX\node_modules\@react-native-firebase\app\package.json
:react-native-firebase_auth:firebase.bom using default value: 34.8.0
:react-native-firebase_auth package.json found at D:\New folder\NimbusX\node_modules\@react-native-firebase\auth\package.json
:react-native-firebase_auth:version set from package.json: 23.8.6 (23,8,6 - 23008006)
:react-native-firebase_auth:android.compileSdk using custom value: 36
:react-native-firebase_auth:android.targetSdk using custom value: 36
:react-native-firebase_auth:android.minSdk using custom value: 24
:react-native-firebase_auth:reactNativeAndroidDir D:\New folder\NimbusX\node_modules\react-native

> Configure project :react-native-firebase_database
:react-native-firebase_database package.json found at D:\New folder\NimbusX\node_modules\@react-native-firebase\database\package.json
:react-native-firebase_app package.json found at D:\New folder\NimbusX\node_modules\@react-native-firebase\app\package.json
:react-native-firebase_database:firebase.bom using default value: 34.8.0
:react-native-firebase_database package.json found at D:\New folder\NimbusX\node_modules\@react-native-firebase\database\package.json
:react-native-firebase_database:version set from package.json: 23.8.6 (23,8,6 - 23008006)
:react-native-firebase_database:android.compileSdk using custom value: 36
:react-native-firebase_database:android.targetSdk using custom value: 36
:react-native-firebase_database:android.minSdk using custom value: 24
:react-native-firebase_database:reactNativeAndroidDir D:\New folder\NimbusX\node_modules\react-native

> Configure project :react-native-firebase_firestore
:react-native-firebase_firestore package.json found at D:\New folder\NimbusX\node_modules\@react-native-firebase\firestore\package.json
:react-native-firebase_app package.json found at D:\New folder\NimbusX\node_modules\@react-native-firebase\app\package.json
:react-native-firebase_firestore:firebase.bom using default value: 34.8.0
:react-native-firebase_firestore package.json found at D:\New folder\NimbusX\node_modules\@react-native-firebase\firestore\package.json
:react-native-firebase_firestore:version set from package.json: 23.8.6 (23,8,6 - 23008006)
:react-native-firebase_firestore:android.compileSdk using custom value: 36
:react-native-firebase_firestore:android.targetSdk using custom value: 36
:react-native-firebase_firestore:android.minSdk using custom value: 24
:react-native-firebase_firestore:reactNativeAndroidDir D:\New folder\NimbusX\node_modules\react-native

> Configure project :react-native-firebase_storage
:react-native-firebase_storage package.json found at D:\New folder\NimbusX\node_modules\@react-native-firebase\storage\package.json
:react-native-firebase_app package.json found at D:\New folder\NimbusX\node_modules\@react-native-firebase\app\package.json
:react-native-firebase_storage:firebase.bom using default value: 34.8.0
:react-native-firebase_storage package.json found at D:\New folder\NimbusX\node_modules\@react-native-firebase\storage\package.json
:react-native-firebase_storage:version set from package.json: 23.8.6 (23,8,6 - 23008006)
:react-native-firebase_storage:android.compileSdk using custom value: 36
:react-native-firebase_storage:android.targetSdk using custom value: 36
:react-native-firebase_storage:android.minSdk using custom value: 24
:react-native-firebase_storage:reactNativeAndroidDir D:\New folder\NimbusX\node_modules\react-native

> Task :app:checkKotlinGradlePluginConfigurationErrors SKIPPED
> Task :app:generateAutolinkingNewArchitectureFiles UP-TO-DATE
> Task :app:generateAutolinkingPackageList UP-TO-DATE
> Task :app:generateCodegenSchemaFromJavaScript SKIPPED
> Task :app:generateCodegenArtifactsFromSchema SKIPPED
> Task :app:generateReactNativeEntryPoint UP-TO-DATE
> Task :react-native-async-storage_async-storage:generateCodegenSchemaFromJavaScript UP-TO-DATE
> Task :react-native-async-storage_async-storage:generateCodegenArtifactsFromSchema UP-TO-DATE
> Task :react-native-async-storage_async-storage:preBuild UP-TO-DATE
> Task :react-native-community_netinfo:generateCodegenSchemaFromJavaScript UP-TO-DATE
> Task :react-native-community_netinfo:generateCodegenArtifactsFromSchema UP-TO-DATE
> Task :react-native-community_netinfo:preBuild UP-TO-DATE
> Task :react-native-firebase_app:preBuild UP-TO-DATE
> Task :react-native-firebase_auth:preBuild UP-TO-DATE
> Task :react-native-firebase_database:preBuild UP-TO-DATE
> Task :react-native-firebase_firestore:preBuild UP-TO-DATE
> Task :react-native-firebase_storage:preBuild UP-TO-DATE
> Task :react-native-fs:preBuild UP-TO-DATE
> Task :react-native-gesture-handler:generateCodegenSchemaFromJavaScript UP-TO-DATE
> Task :react-native-gesture-handler:generateCodegenArtifactsFromSchema UP-TO-DATE
> Task :react-native-gesture-handler:preBuild UP-TO-DATE
> Task :react-native-image-picker:generateCodegenSchemaFromJavaScript UP-TO-DATE
> Task :react-native-image-picker:generateCodegenArtifactsFromSchema UP-TO-DATE
> Task :react-native-image-picker:preBuild UP-TO-DATE
> Task :react-native-safe-area-context:generateCodegenSchemaFromJavaScript UP-TO-DATE
> Task :react-native-safe-area-context:generateCodegenArtifactsFromSchema UP-TO-DATE
> Task :react-native-safe-area-context:preBuild UP-TO-DATE
> Task :react-native-screens:generateCodegenSchemaFromJavaScript UP-TO-DATE
> Task :react-native-screens:generateCodegenArtifactsFromSchema UP-TO-DATE
> Task :react-native-screens:preBuild UP-TO-DATE
> Task :react-native-vector-icons:generateCodegenSchemaFromJavaScript UP-TO-DATE
> Task :react-native-vector-icons:generateCodegenArtifactsFromSchema UP-TO-DATE
> Task :react-native-vector-icons:preBuild UP-TO-DATE
> Task :app:preBuild UP-TO-DATE
> Task :app:preDebugBuild UP-TO-DATE
> Task :app:generateDebugBuildConfig UP-TO-DATE
> Task :react-native-async-storage_async-storage:preDebugBuild UP-TO-DATE
> Task :react-native-async-storage_async-storage:writeDebugAarMetadata UP-TO-DATE
> Task :react-native-community_netinfo:preDebugBuild UP-TO-DATE
> Task :react-native-community_netinfo:writeDebugAarMetadata UP-TO-DATE
> Task :react-native-firebase_app:preDebugBuild UP-TO-DATE
> Task :react-native-firebase_app:writeDebugAarMetadata UP-TO-DATE
> Task :react-native-firebase_auth:preDebugBuild UP-TO-DATE
> Task :react-native-firebase_auth:writeDebugAarMetadata UP-TO-DATE
> Task :react-native-firebase_database:preDebugBuild UP-TO-DATE
> Task :react-native-firebase_database:writeDebugAarMetadata UP-TO-DATE
> Task :react-native-firebase_firestore:preDebugBuild UP-TO-DATE
> Task :react-native-firebase_firestore:writeDebugAarMetadata UP-TO-DATE
> Task :react-native-firebase_storage:preDebugBuild UP-TO-DATE
> Task :react-native-firebase_storage:writeDebugAarMetadata UP-TO-DATE
> Task :react-native-fs:preDebugBuild UP-TO-DATE
> Task :react-native-fs:writeDebugAarMetadata UP-TO-DATE
> Task :react-native-gesture-handler:preDebugBuild UP-TO-DATE
> Task :react-native-gesture-handler:writeDebugAarMetadata UP-TO-DATE
> Task :react-native-image-picker:preDebugBuild UP-TO-DATE
> Task :react-native-image-picker:writeDebugAarMetadata UP-TO-DATE
> Task :react-native-safe-area-context:preDebugBuild UP-TO-DATE
> Task :react-native-safe-area-context:writeDebugAarMetadata UP-TO-DATE
> Task :react-native-screens:preDebugBuild UP-TO-DATE
> Task :react-native-screens:writeDebugAarMetadata UP-TO-DATE
> Task :react-native-vector-icons:preDebugBuild UP-TO-DATE
> Task :react-native-vector-icons:writeDebugAarMetadata UP-TO-DATE
> Task :app:checkDebugAarMetadata UP-TO-DATE
> Task :app:generateDebugResValues
> Task :app:processDebugGoogleServices UP-TO-DATE
> Task :react-native-async-storage_async-storage:generateDebugResValues UP-TO-DATE
> Task :react-native-async-storage_async-storage:generateDebugResources UP-TO-DATE
> Task :react-native-async-storage_async-storage:packageDebugResources UP-TO-DATE
> Task :react-native-community_netinfo:generateDebugResValues UP-TO-DATE
> Task :react-native-community_netinfo:generateDebugResources UP-TO-DATE
> Task :react-native-community_netinfo:packageDebugResources UP-TO-DATE
> Task :react-native-firebase_app:generateDebugResValues UP-TO-DATE
> Task :react-native-firebase_app:generateDebugResources UP-TO-DATE
> Task :react-native-firebase_app:packageDebugResources UP-TO-DATE
> Task :react-native-firebase_auth:generateDebugResValues UP-TO-DATE
> Task :react-native-firebase_auth:generateDebugResources UP-TO-DATE
> Task :react-native-firebase_auth:packageDebugResources UP-TO-DATE
> Task :react-native-firebase_database:generateDebugResValues UP-TO-DATE
> Task :react-native-firebase_database:generateDebugResources UP-TO-DATE
> Task :react-native-firebase_database:packageDebugResources UP-TO-DATE
> Task :react-native-firebase_firestore:generateDebugResValues UP-TO-DATE
> Task :react-native-firebase_firestore:generateDebugResources UP-TO-DATE
> Task :react-native-firebase_firestore:packageDebugResources UP-TO-DATE
> Task :react-native-firebase_storage:generateDebugResValues UP-TO-DATE
> Task :react-native-firebase_storage:generateDebugResources UP-TO-DATE
> Task :react-native-firebase_storage:packageDebugResources UP-TO-DATE
> Task :react-native-fs:generateDebugResValues UP-TO-DATE
> Task :react-native-fs:generateDebugResources UP-TO-DATE
> Task :react-native-fs:packageDebugResources UP-TO-DATE
> Task :react-native-gesture-handler:generateDebugResValues UP-TO-DATE
> Task :react-native-gesture-handler:generateDebugResources UP-TO-DATE
> Task :react-native-gesture-handler:packageDebugResources UP-TO-DATE
> Task :react-native-image-picker:generateDebugResValues UP-TO-DATE
> Task :react-native-image-picker:generateDebugResources UP-TO-DATE
> Task :react-native-image-picker:packageDebugResources UP-TO-DATE
> Task :react-native-safe-area-context:generateDebugResValues UP-TO-DATE
> Task :react-native-safe-area-context:generateDebugResources UP-TO-DATE
> Task :react-native-safe-area-context:packageDebugResources UP-TO-DATE
> Task :react-native-screens:generateDebugResValues UP-TO-DATE
> Task :react-native-screens:generateDebugResources UP-TO-DATE
> Task :react-native-screens:packageDebugResources UP-TO-DATE
> Task :react-native-vector-icons:generateDebugResValues UP-TO-DATE
> Task :react-native-vector-icons:generateDebugResources UP-TO-DATE
> Task :react-native-vector-icons:packageDebugResources UP-TO-DATE
> Task :app:mapDebugSourceSetPaths UP-TO-DATE
> Task :app:generateDebugResources UP-TO-DATE
> Task :app:packageDebugResources
> Task :app:createDebugCompatibleScreenManifests UP-TO-DATE
> Task :app:extractDeepLinksDebug UP-TO-DATE
> Task :react-native-async-storage_async-storage:extractDeepLinksDebug UP-TO-DATE
> Task :react-native-async-storage_async-storage:processDebugManifest UP-TO-DATE
> Task :react-native-community_netinfo:extractDeepLinksDebug UP-TO-DATE
> Task :react-native-community_netinfo:processDebugManifest UP-TO-DATE
> Task :react-native-firebase_app:extractDeepLinksDebug UP-TO-DATE
> Task :react-native-firebase_app:processDebugManifest UP-TO-DATE
> Task :react-native-firebase_auth:extractDeepLinksDebug UP-TO-DATE
> Task :react-native-firebase_auth:processDebugManifest UP-TO-DATE
> Task :react-native-firebase_database:extractDeepLinksDebug UP-TO-DATE
> Task :react-native-firebase_database:processDebugManifest UP-TO-DATE
> Task :react-native-firebase_firestore:extractDeepLinksDebug UP-TO-DATE
> Task :react-native-firebase_firestore:processDebugManifest UP-TO-DATE
> Task :react-native-firebase_storage:extractDeepLinksDebug UP-TO-DATE
> Task :react-native-firebase_storage:processDebugManifest UP-TO-DATE
> Task :react-native-fs:extractDeepLinksDebug UP-TO-DATE
> Task :react-native-fs:processDebugManifest UP-TO-DATE
> Task :react-native-gesture-handler:extractDeepLinksDebug UP-TO-DATE
> Task :react-native-gesture-handler:processDebugManifest UP-TO-DATE
> Task :react-native-image-picker:extractDeepLinksDebug UP-TO-DATE
> Task :react-native-image-picker:processDebugManifest UP-TO-DATE
> Task :react-native-safe-area-context:extractDeepLinksDebug UP-TO-DATE
> Task :react-native-safe-area-context:processDebugManifest UP-TO-DATE
> Task :react-native-screens:extractDeepLinksDebug UP-TO-DATE
> Task :react-native-screens:processDebugManifest UP-TO-DATE
> Task :react-native-vector-icons:extractDeepLinksDebug UP-TO-DATE
> Task :react-native-vector-icons:processDebugManifest UP-TO-DATE
> Task :app:parseDebugLocalResources
> Task :app:processDebugMainManifest UP-TO-DATE
> Task :app:processDebugManifest UP-TO-DATE
> Task :app:processDebugManifestForPackage UP-TO-DATE
> Task :react-native-async-storage_async-storage:compileDebugLibraryResources UP-TO-DATE
> Task :react-native-async-storage_async-storage:parseDebugLocalResources UP-TO-DATE
> Task :react-native-async-storage_async-storage:generateDebugRFile UP-TO-DATE
> Task :react-native-community_netinfo:compileDebugLibraryResources UP-TO-DATE
> Task :react-native-community_netinfo:parseDebugLocalResources UP-TO-DATE
> Task :react-native-community_netinfo:generateDebugRFile UP-TO-DATE
> Task :react-native-firebase_app:compileDebugLibraryResources UP-TO-DATE
> Task :react-native-firebase_app:parseDebugLocalResources UP-TO-DATE
> Task :react-native-firebase_app:generateDebugRFile UP-TO-DATE
> Task :react-native-firebase_auth:compileDebugLibraryResources UP-TO-DATE
> Task :react-native-firebase_auth:parseDebugLocalResources UP-TO-DATE
> Task :react-native-firebase_auth:generateDebugRFile UP-TO-DATE
> Task :react-native-firebase_database:compileDebugLibraryResources UP-TO-DATE
> Task :react-native-firebase_database:parseDebugLocalResources UP-TO-DATE
> Task :react-native-firebase_database:generateDebugRFile UP-TO-DATE
> Task :react-native-firebase_firestore:compileDebugLibraryResources UP-TO-DATE
> Task :react-native-firebase_firestore:parseDebugLocalResources UP-TO-DATE
> Task :react-native-firebase_firestore:generateDebugRFile UP-TO-DATE
> Task :react-native-firebase_storage:compileDebugLibraryResources UP-TO-DATE
> Task :react-native-firebase_storage:parseDebugLocalResources UP-TO-DATE
> Task :react-native-firebase_storage:generateDebugRFile UP-TO-DATE
> Task :react-native-fs:compileDebugLibraryResources UP-TO-DATE
> Task :react-native-fs:parseDebugLocalResources UP-TO-DATE
> Task :react-native-fs:generateDebugRFile UP-TO-DATE
> Task :react-native-gesture-handler:compileDebugLibraryResources UP-TO-DATE
> Task :react-native-gesture-handler:parseDebugLocalResources UP-TO-DATE
> Task :react-native-gesture-handler:generateDebugRFile UP-TO-DATE
> Task :react-native-image-picker:compileDebugLibraryResources UP-TO-DATE
> Task :app:mergeDebugResources
> Task :react-native-image-picker:parseDebugLocalResources UP-TO-DATE
> Task :react-native-image-picker:generateDebugRFile UP-TO-DATE
> Task :react-native-safe-area-context:compileDebugLibraryResources UP-TO-DATE
> Task :react-native-safe-area-context:parseDebugLocalResources UP-TO-DATE
> Task :react-native-safe-area-context:generateDebugRFile UP-TO-DATE
> Task :react-native-screens:compileDebugLibraryResources UP-TO-DATE
> Task :react-native-screens:parseDebugLocalResources UP-TO-DATE
> Task :react-native-screens:generateDebugRFile UP-TO-DATE
> Task :react-native-vector-icons:compileDebugLibraryResources UP-TO-DATE
> Task :react-native-vector-icons:parseDebugLocalResources UP-TO-DATE
> Task :react-native-vector-icons:generateDebugRFile UP-TO-DATE
> Task :react-native-async-storage_async-storage:generateDebugBuildConfig UP-TO-DATE
> Task :react-native-async-storage_async-storage:javaPreCompileDebug UP-TO-DATE
> Task :react-native-async-storage_async-storage:compileDebugJavaWithJavac UP-TO-DATE
> Task :react-native-async-storage_async-storage:bundleLibCompileToJarDebug UP-TO-DATE
> Task :react-native-community_netinfo:generateDebugBuildConfig UP-TO-DATE
> Task :react-native-community_netinfo:javaPreCompileDebug UP-TO-DATE
> Task :react-native-community_netinfo:compileDebugJavaWithJavac UP-TO-DATE
> Task :react-native-community_netinfo:bundleLibCompileToJarDebug UP-TO-DATE
> Task :react-native-firebase_app:generateDebugBuildConfig UP-TO-DATE
> Task :react-native-firebase_app:javaPreCompileDebug UP-TO-DATE
> Task :react-native-firebase_app:compileDebugJavaWithJavac UP-TO-DATE
> Task :react-native-firebase_app:bundleLibCompileToJarDebug UP-TO-DATE
> Task :react-native-firebase_auth:generateDebugBuildConfig UP-TO-DATE
> Task :react-native-firebase_auth:javaPreCompileDebug UP-TO-DATE
> Task :react-native-firebase_auth:compileDebugJavaWithJavac UP-TO-DATE
> Task :react-native-firebase_auth:bundleLibCompileToJarDebug UP-TO-DATE
> Task :react-native-firebase_database:generateDebugBuildConfig UP-TO-DATE
> Task :react-native-firebase_database:javaPreCompileDebug UP-TO-DATE
> Task :react-native-firebase_database:compileDebugJavaWithJavac UP-TO-DATE
> Task :react-native-firebase_database:bundleLibCompileToJarDebug UP-TO-DATE
> Task :react-native-firebase_firestore:generateDebugBuildConfig UP-TO-DATE
> Task :react-native-firebase_firestore:javaPreCompileDebug UP-TO-DATE
> Task :react-native-firebase_firestore:compileDebugJavaWithJavac UP-TO-DATE
> Task :react-native-firebase_firestore:bundleLibCompileToJarDebug UP-TO-DATE
> Task :react-native-firebase_storage:generateDebugBuildConfig UP-TO-DATE
> Task :react-native-firebase_storage:javaPreCompileDebug UP-TO-DATE
> Task :react-native-firebase_storage:compileDebugJavaWithJavac UP-TO-DATE
> Task :react-native-firebase_storage:bundleLibCompileToJarDebug UP-TO-DATE
> Task :react-native-fs:generateDebugBuildConfig UP-TO-DATE
> Task :react-native-fs:javaPreCompileDebug UP-TO-DATE
> Task :react-native-fs:compileDebugJavaWithJavac UP-TO-DATE
> Task :react-native-fs:bundleLibCompileToJarDebug UP-TO-DATE
> Task :react-native-gesture-handler:checkKotlinGradlePluginConfigurationErrors SKIPPED
> Task :react-native-gesture-handler:generateDebugBuildConfig UP-TO-DATE
> Task :react-native-gesture-handler:compileDebugKotlin UP-TO-DATE
> Task :react-native-gesture-handler:javaPreCompileDebug UP-TO-DATE
> Task :react-native-gesture-handler:compileDebugJavaWithJavac UP-TO-DATE
> Task :react-native-gesture-handler:bundleLibCompileToJarDebug UP-TO-DATE
> Task :react-native-image-picker:generateDebugBuildConfig UP-TO-DATE
> Task :react-native-image-picker:javaPreCompileDebug UP-TO-DATE
> Task :react-native-image-picker:compileDebugJavaWithJavac UP-TO-DATE
> Task :react-native-image-picker:bundleLibCompileToJarDebug UP-TO-DATE
> Task :react-native-safe-area-context:checkKotlinGradlePluginConfigurationErrors SKIPPED
> Task :react-native-safe-area-context:generateDebugBuildConfig UP-TO-DATE
> Task :react-native-safe-area-context:compileDebugKotlin UP-TO-DATE
> Task :react-native-safe-area-context:javaPreCompileDebug UP-TO-DATE
> Task :react-native-safe-area-context:compileDebugJavaWithJavac UP-TO-DATE
> Task :react-native-safe-area-context:bundleLibCompileToJarDebug UP-TO-DATE
> Task :react-native-screens:checkKotlinGradlePluginConfigurationErrors SKIPPED
> Task :react-native-screens:generateDebugBuildConfig UP-TO-DATE
> Task :react-native-screens:compileDebugKotlin UP-TO-DATE
> Task :react-native-screens:javaPreCompileDebug UP-TO-DATE
> Task :react-native-screens:compileDebugJavaWithJavac UP-TO-DATE
> Task :react-native-screens:bundleLibCompileToJarDebug UP-TO-DATE
> Task :react-native-vector-icons:generateDebugBuildConfig UP-TO-DATE
> Task :react-native-vector-icons:javaPreCompileDebug UP-TO-DATE
> Task :react-native-vector-icons:compileDebugJavaWithJavac UP-TO-DATE
> Task :react-native-vector-icons:bundleLibCompileToJarDebug UP-TO-DATE
> Task :app:javaPreCompileDebug UP-TO-DATE
> Task :app:mergeDebugShaders UP-TO-DATE
> Task :app:compileDebugShaders NO-SOURCE
> Task :app:copyReactNativeVectorIconFonts UP-TO-DATE
> Task :app:generateDebugAssets UP-TO-DATE
> Task :react-native-async-storage_async-storage:mergeDebugShaders UP-TO-DATE
> Task :react-native-async-storage_async-storage:compileDebugShaders NO-SOURCE
> Task :react-native-async-storage_async-storage:generateDebugAssets UP-TO-DATE
> Task :react-native-async-storage_async-storage:mergeDebugAssets UP-TO-DATE
> Task :react-native-community_netinfo:mergeDebugShaders UP-TO-DATE
> Task :react-native-community_netinfo:compileDebugShaders NO-SOURCE
> Task :react-native-community_netinfo:generateDebugAssets UP-TO-DATE
> Task :react-native-community_netinfo:mergeDebugAssets UP-TO-DATE
> Task :react-native-firebase_app:mergeDebugShaders UP-TO-DATE
> Task :react-native-firebase_app:compileDebugShaders NO-SOURCE
> Task :react-native-firebase_app:generateDebugAssets UP-TO-DATE
> Task :react-native-firebase_app:mergeDebugAssets UP-TO-DATE
> Task :react-native-firebase_auth:mergeDebugShaders UP-TO-DATE
> Task :react-native-firebase_auth:compileDebugShaders NO-SOURCE
> Task :react-native-firebase_auth:generateDebugAssets UP-TO-DATE
> Task :react-native-firebase_auth:mergeDebugAssets UP-TO-DATE
> Task :react-native-firebase_database:mergeDebugShaders UP-TO-DATE
> Task :react-native-firebase_database:compileDebugShaders NO-SOURCE
> Task :react-native-firebase_database:generateDebugAssets UP-TO-DATE
> Task :react-native-firebase_database:mergeDebugAssets UP-TO-DATE
> Task :react-native-firebase_firestore:mergeDebugShaders UP-TO-DATE
> Task :react-native-firebase_firestore:compileDebugShaders NO-SOURCE
> Task :react-native-firebase_firestore:generateDebugAssets UP-TO-DATE
> Task :react-native-firebase_firestore:mergeDebugAssets UP-TO-DATE
> Task :react-native-firebase_storage:mergeDebugShaders UP-TO-DATE
> Task :react-native-firebase_storage:compileDebugShaders NO-SOURCE
> Task :react-native-firebase_storage:generateDebugAssets UP-TO-DATE
> Task :react-native-firebase_storage:mergeDebugAssets UP-TO-DATE
> Task :react-native-fs:mergeDebugShaders UP-TO-DATE
> Task :react-native-fs:compileDebugShaders NO-SOURCE
> Task :react-native-fs:generateDebugAssets UP-TO-DATE
> Task :react-native-fs:mergeDebugAssets UP-TO-DATE
> Task :react-native-gesture-handler:mergeDebugShaders UP-TO-DATE
> Task :react-native-gesture-handler:compileDebugShaders NO-SOURCE
> Task :react-native-gesture-handler:generateDebugAssets UP-TO-DATE
> Task :react-native-gesture-handler:mergeDebugAssets UP-TO-DATE
> Task :react-native-image-picker:mergeDebugShaders UP-TO-DATE
> Task :react-native-image-picker:compileDebugShaders NO-SOURCE
> Task :react-native-image-picker:generateDebugAssets UP-TO-DATE
> Task :react-native-image-picker:mergeDebugAssets UP-TO-DATE
> Task :react-native-safe-area-context:mergeDebugShaders UP-TO-DATE
> Task :react-native-safe-area-context:compileDebugShaders NO-SOURCE
> Task :react-native-safe-area-context:generateDebugAssets UP-TO-DATE
> Task :react-native-safe-area-context:mergeDebugAssets UP-TO-DATE
> Task :react-native-screens:mergeDebugShaders UP-TO-DATE
> Task :react-native-screens:compileDebugShaders NO-SOURCE
> Task :react-native-screens:generateDebugAssets UP-TO-DATE
> Task :react-native-screens:mergeDebugAssets UP-TO-DATE
> Task :react-native-vector-icons:mergeDebugShaders UP-TO-DATE
> Task :react-native-vector-icons:compileDebugShaders NO-SOURCE
> Task :react-native-vector-icons:generateDebugAssets UP-TO-DATE
> Task :react-native-vector-icons:mergeDebugAssets UP-TO-DATE
> Task :app:mergeDebugAssets UP-TO-DATE
> Task :app:compressDebugAssets UP-TO-DATE
> Task :react-native-gesture-handler:bundleLibRuntimeToJarDebug UP-TO-DATE
> Task :react-native-safe-area-context:bundleLibRuntimeToJarDebug UP-TO-DATE
> Task :react-native-screens:bundleLibRuntimeToJarDebug UP-TO-DATE
> Task :react-native-async-storage_async-storage:bundleLibRuntimeToJarDebug UP-TO-DATE
> Task :react-native-community_netinfo:bundleLibRuntimeToJarDebug UP-TO-DATE
> Task :react-native-firebase_auth:bundleLibRuntimeToJarDebug UP-TO-DATE
> Task :react-native-firebase_database:bundleLibRuntimeToJarDebug UP-TO-DATE
> Task :react-native-firebase_firestore:bundleLibRuntimeToJarDebug UP-TO-DATE
> Task :react-native-firebase_storage:bundleLibRuntimeToJarDebug UP-TO-DATE
> Task :react-native-firebase_app:bundleLibRuntimeToJarDebug UP-TO-DATE
> Task :react-native-fs:bundleLibRuntimeToJarDebug UP-TO-DATE
> Task :react-native-image-picker:bundleLibRuntimeToJarDebug UP-TO-DATE
> Task :react-native-vector-icons:bundleLibRuntimeToJarDebug UP-TO-DATE
> Task :app:desugarDebugFileDependencies UP-TO-DATE
> Task :react-native-async-storage_async-storage:processDebugJavaRes NO-SOURCE
> Task :react-native-community_netinfo:processDebugJavaRes NO-SOURCE
> Task :react-native-firebase_app:processDebugJavaRes NO-SOURCE
> Task :react-native-firebase_auth:processDebugJavaRes NO-SOURCE
> Task :react-native-firebase_database:processDebugJavaRes NO-SOURCE
> Task :react-native-firebase_firestore:processDebugJavaRes NO-SOURCE
> Task :react-native-firebase_storage:processDebugJavaRes NO-SOURCE
> Task :react-native-fs:processDebugJavaRes NO-SOURCE
> Task :react-native-gesture-handler:processDebugJavaRes UP-TO-DATE
> Task :react-native-image-picker:processDebugJavaRes NO-SOURCE
> Task :react-native-safe-area-context:processDebugJavaRes UP-TO-DATE
> Task :react-native-screens:processDebugJavaRes UP-TO-DATE
> Task :react-native-vector-icons:processDebugJavaRes NO-SOURCE
> Task :app:checkDebugDuplicateClasses UP-TO-DATE
> Task :app:mergeExtDexDebug UP-TO-DATE
> Task :react-native-gesture-handler:bundleLibRuntimeToDirDebug UP-TO-DATE
> Task :react-native-safe-area-context:bundleLibRuntimeToDirDebug UP-TO-DATE
> Task :react-native-screens:bundleLibRuntimeToDirDebug UP-TO-DATE
> Task :react-native-async-storage_async-storage:bundleLibRuntimeToDirDebug UP-TO-DATE
> Task :react-native-community_netinfo:bundleLibRuntimeToDirDebug UP-TO-DATE
> Task :react-native-firebase_auth:bundleLibRuntimeToDirDebug UP-TO-DATE
> Task :react-native-firebase_database:bundleLibRuntimeToDirDebug UP-TO-DATE
> Task :react-native-firebase_firestore:bundleLibRuntimeToDirDebug UP-TO-DATE
> Task :react-native-firebase_storage:bundleLibRuntimeToDirDebug UP-TO-DATE
> Task :react-native-firebase_app:bundleLibRuntimeToDirDebug UP-TO-DATE
> Task :react-native-fs:bundleLibRuntimeToDirDebug UP-TO-DATE
> Task :react-native-image-picker:bundleLibRuntimeToDirDebug UP-TO-DATE
> Task :react-native-vector-icons:bundleLibRuntimeToDirDebug UP-TO-DATE
> Task :app:configureCMakeDebug[x86_64]
> Task :app:mergeLibDexDebug UP-TO-DATE
> Task :app:processDebugResources
> Task :app:buildCMakeDebug[x86_64]
> Task :app:compileDebugKotlin UP-TO-DATE
> Task :app:compileDebugJavaWithJavac UP-TO-DATE
> Task :app:dexBuilderDebug UP-TO-DATE
> Task :app:mergeDebugGlobalSynthetics UP-TO-DATE
> Task :app:processDebugJavaRes UP-TO-DATE
> Task :app:mergeDebugJavaResource UP-TO-DATE
> Task :app:mergeProjectDexDebug UP-TO-DATE
> Task :app:mergeDebugJniLibFolders UP-TO-DATE
> Task :react-native-async-storage_async-storage:mergeDebugJniLibFolders UP-TO-DATE
> Task :react-native-async-storage_async-storage:mergeDebugNativeLibs NO-SOURCE
> Task :react-native-async-storage_async-storage:copyDebugJniLibsProjectOnly UP-TO-DATE
> Task :react-native-community_netinfo:mergeDebugJniLibFolders UP-TO-DATE
> Task :react-native-community_netinfo:mergeDebugNativeLibs NO-SOURCE
> Task :react-native-community_netinfo:copyDebugJniLibsProjectOnly UP-TO-DATE
> Task :react-native-firebase_app:mergeDebugJniLibFolders UP-TO-DATE
> Task :react-native-firebase_app:mergeDebugNativeLibs NO-SOURCE
> Task :react-native-firebase_app:copyDebugJniLibsProjectOnly UP-TO-DATE
> Task :react-native-firebase_auth:mergeDebugJniLibFolders UP-TO-DATE
> Task :react-native-firebase_auth:mergeDebugNativeLibs NO-SOURCE
> Task :react-native-firebase_auth:copyDebugJniLibsProjectOnly UP-TO-DATE
> Task :react-native-firebase_database:mergeDebugJniLibFolders UP-TO-DATE
> Task :react-native-firebase_database:mergeDebugNativeLibs NO-SOURCE
> Task :react-native-firebase_database:copyDebugJniLibsProjectOnly UP-TO-DATE
> Task :react-native-firebase_firestore:mergeDebugJniLibFolders UP-TO-DATE
> Task :react-native-firebase_firestore:mergeDebugNativeLibs NO-SOURCE
> Task :react-native-firebase_firestore:copyDebugJniLibsProjectOnly UP-TO-DATE
> Task :react-native-firebase_storage:mergeDebugJniLibFolders UP-TO-DATE
> Task :react-native-firebase_storage:mergeDebugNativeLibs NO-SOURCE
> Task :react-native-firebase_storage:copyDebugJniLibsProjectOnly UP-TO-DATE
> Task :react-native-fs:mergeDebugJniLibFolders UP-TO-DATE
> Task :react-native-fs:mergeDebugNativeLibs NO-SOURCE
> Task :react-native-fs:copyDebugJniLibsProjectOnly UP-TO-DATE
> Task :react-native-gesture-handler:configureCMakeDebug[x86_64]
> Task :react-native-gesture-handler:buildCMakeDebug[x86_64]
> Task :react-native-gesture-handler:mergeDebugJniLibFolders UP-TO-DATE
> Task :react-native-gesture-handler:mergeDebugNativeLibs UP-TO-DATE
> Task :react-native-gesture-handler:copyDebugJniLibsProjectOnly UP-TO-DATE
> Task :react-native-image-picker:mergeDebugJniLibFolders UP-TO-DATE
> Task :react-native-image-picker:mergeDebugNativeLibs NO-SOURCE
> Task :react-native-image-picker:copyDebugJniLibsProjectOnly UP-TO-DATE
> Task :react-native-safe-area-context:mergeDebugJniLibFolders UP-TO-DATE
> Task :react-native-safe-area-context:mergeDebugNativeLibs NO-SOURCE
> Task :react-native-safe-area-context:copyDebugJniLibsProjectOnly UP-TO-DATE
> Task :react-native-screens:configureCMakeDebug[x86_64]
> Task :react-native-screens:buildCMakeDebug[x86_64]
> Task :react-native-screens:mergeDebugJniLibFolders UP-TO-DATE
> Task :react-native-screens:mergeDebugNativeLibs UP-TO-DATE
> Task :react-native-screens:copyDebugJniLibsProjectOnly UP-TO-DATE
> Task :react-native-vector-icons:mergeDebugJniLibFolders UP-TO-DATE
> Task :react-native-vector-icons:mergeDebugNativeLibs NO-SOURCE
> Task :react-native-vector-icons:copyDebugJniLibsProjectOnly UP-TO-DATE
> Task :app:mergeDebugNativeLibs UP-TO-DATE
> Task :app:stripDebugDebugSymbols UP-TO-DATE
> Task :app:validateSigningDebug UP-TO-DATE
> Task :app:writeDebugAppMetadata UP-TO-DATE
> Task :app:writeDebugSigningConfigVersions UP-TO-DATE
> Task :app:packageDebug
> Task :app:createDebugApkListingFileRedirect UP-TO-DATE

> Task :app:installDebug
Installing APK 'app-debug.apk' on 'Pixel_8a(AVD) - 16' for :app:debug

> Task :app:installDebug FAILED

[Incubating] Problems report is available at: file:///D:/New%20folder/NimbusX/android/build/reports/problems/problems-report.html

Deprecated Gradle features were used in this build, making it incompatible with Gradle 10.

You can use '--warning-mode all' to show the individual deprecation warnings and determine if they come from your own scripts or plugins.

For more on this, please refer to https://docs.gradle.org/9.0.0/userguide/command_line_interface.html#sec:command_line_warnings in the Gradle documentation.
328 actionable tasks: 18 executed, 310 up-to-date

info 💡 Tip: Make sure that you have set up your development environment correctly, by running npx react-native doctor. To read more about doctor command visit: https://github.com/react-native-community/cli/blob/main/packages/cli-doctor/README.md#doctor 

********************************************************************************

WARNING: Setting `newArchEnabled=false` in your `gradle.properties` file is not
supported anymore since React Native 0.82.

You can remove the line from your `gradle.properties` file.

The application will run with the New Architecture enabled by default.

********************************************************************************

Unable to install D:\New folder\NimbusX\android\app\build\outputs\apk\debug\app-debug.apk
com.android.ddmlib.InstallException: Unknown failure: Error: device is still booting.
	at com.android.ddmlib.IDeviceSharedImpl.installRemotePackage(IDeviceSharedImpl.java:344)
	at com.android.ddmlib.IDeviceSharedImpl.installPackage(IDeviceSharedImpl.java:367)
	at com.android.ddmlib.internal.DeviceImpl.lambda$installPackage$33(DeviceImpl.java:1470)
	at com.android.ddmlib.internal.DeviceImpl.logRun3(DeviceImpl.java:1833)
	at com.android.ddmlib.internal.DeviceImpl.installPackage(DeviceImpl.java:1467)
	at com.android.ddmlib.internal.DeviceImpl.lambda$installPackage$32(DeviceImpl.java:1447)
	at com.android.ddmlib.internal.DeviceImpl.logRun3(DeviceImpl.java:1833)
	at com.android.ddmlib.internal.DeviceImpl.installPackage(DeviceImpl.java:1443)
	at com.android.ddmlib.internal.DeviceImpl.lambda$installPackage$31(DeviceImpl.java:1433)
	at com.android.ddmlib.internal.DeviceImpl.logRun3(DeviceImpl.java:1833)
	at com.android.ddmlib.internal.DeviceImpl.installPackage(DeviceImpl.java:1431)
	at com.android.build.gradle.internal.testing.ConnectedDevice.installPackage(ConnectedDevice.java:129)
	at com.android.build.gradle.internal.tasks.InstallVariantTask.installPackages(InstallVariantTask.java:214)
	at com.android.build.gradle.internal.tasks.InstallVariantTask.install(InstallVariantTask.java:187)
	at com.android.build.gradle.internal.tasks.InstallVariantTask.lambda$doTaskAction$1(InstallVariantTask.java:124)
	at com.android.builder.testing.api.DeviceProvider.use(DeviceProvider.java:55)
	at com.android.build.gradle.internal.tasks.InstallVariantTask.doTaskAction(InstallVariantTask.java:109)
	at com.android.build.gradle.internal.tasks.NonIncrementalTask$taskAction$$inlined$recordTaskAction$1.invoke(BaseTask.kt:60)
	at com.android.build.gradle.internal.tasks.Blocks.recordSpan(Blocks.java:51)
	at com.android.build.gradle.internal.tasks.NonIncrementalTask.taskAction(NonIncrementalTask.kt:78)
	at java.base@17.0.14/jdk.internal.reflect.NativeMethodAccessorImpl.invoke0(Native Method)
	at java.base@17.0.14/jdk.internal.reflect.NativeMethodAccessorImpl.invoke(NativeMethodAccessorImpl.java:77)
	at java.base@17.0.14/jdk.internal.reflect.DelegatingMethodAccessorImpl.invoke(DelegatingMethodAccessorImpl.java:43)
	at java.base@17.0.14/java.lang.reflect.Method.invoke(Method.java:569)
	at org.gradle.internal.reflect.JavaMethod.invoke(JavaMethod.java:125)
	at org.gradle.api.internal.project.taskfactory.StandardTaskAction.doExecute(StandardTaskAction.java:58)
	at org.gradle.api.internal.project.taskfactory.StandardTaskAction.execute(StandardTaskAction.java:51)
	at org.gradle.api.internal.project.taskfactory.StandardTaskAction.execute(StandardTaskAction.java:29)
	at org.gradle.api.internal.tasks.execution.TaskExecution$3.run(TaskExecution.java:252)
	at org.gradle.internal.operations.DefaultBuildOperationRunner$1.execute(DefaultBuildOperationRunner.java:29)
	at org.gradle.internal.operations.DefaultBuildOperationRunner$1.execute(DefaultBuildOperationRunner.java:26)
	at org.gradle.internal.operations.DefaultBuildOperationRunner$2.execute(DefaultBuildOperationRunner.java:66)
	at org.gradle.internal.operations.DefaultBuildOperationRunner$2.execute(DefaultBuildOperationRunner.java:59)
	at org.gradle.internal.operations.DefaultBuildOperationRunner.execute(DefaultBuildOperationRunner.java:166)
	at org.gradle.internal.operations.DefaultBuildOperationRunner.execute(DefaultBuildOperationRunner.java:59)
	at org.gradle.internal.operations.DefaultBuildOperationRunner.run(DefaultBuildOperationRunner.java:47)
	at org.gradle.api.internal.tasks.execution.TaskExecution.executeAction(TaskExecution.java:237)
	at org.gradle.api.internal.tasks.execution.TaskExecution.executeActions(TaskExecution.java:220)
	at org.gradle.api.internal.tasks.execution.TaskExecution.executeWithPreviousOutputFiles(TaskExecution.java:203)
	at org.gradle.api.internal.tasks.execution.TaskExecution.execute(TaskExecution.java:170)
	at org.gradle.internal.execution.steps.ExecuteStep.executeInternal(ExecuteStep.java:105)
	at org.gradle.internal.execution.steps.ExecuteStep.access$000(ExecuteStep.java:44)
	at org.gradle.internal.execution.steps.ExecuteStep$1.call(ExecuteStep.java:59)
	at org.gradle.internal.execution.steps.ExecuteStep$1.call(ExecuteStep.java:56)
	at org.gradle.internal.operations.DefaultBuildOperationRunner$CallableBuildOperationWorker.execute(DefaultBuildOperationRunner.java:209)
	at org.gradle.internal.operations.DefaultBuildOperationRunner$CallableBuildOperationWorker.execute(DefaultBuildOperationRunner.java:204)
	at org.gradle.internal.operations.DefaultBuildOperationRunner$2.execute(DefaultBuildOperationRunner.java:66)
	at org.gradle.internal.operations.DefaultBuildOperationRunner$2.execute(DefaultBuildOperationRunner.java:59)
	at org.gradle.internal.operations.DefaultBuildOperationRunner.execute(DefaultBuildOperationRunner.java:166)
	at org.gradle.internal.operations.DefaultBuildOperationRunner.execute(DefaultBuildOperationRunner.java:59)
	at org.gradle.internal.operations.DefaultBuildOperationRunner.call(DefaultBuildOperationRunner.java:53)
	at org.gradle.internal.execution.steps.ExecuteStep.execute(ExecuteStep.java:56)
	at org.gradle.internal.execution.steps.ExecuteStep.execute(ExecuteStep.java:44)
	at org.gradle.internal.execution.steps.CancelExecutionStep.execute(CancelExecutionStep.java:42)
	at org.gradle.internal.execution.steps.TimeoutStep.executeWithoutTimeout(TimeoutStep.java:75)
	at org.gradle.internal.execution.steps.TimeoutStep.execute(TimeoutStep.java:55)
	at org.gradle.internal.execution.steps.PreCreateOutputParentsStep.execute(PreCreateOutputParentsStep.java:50)
	at org.gradle.internal.execution.steps.PreCreateOutputParentsStep.execute(PreCreateOutputParentsStep.java:28)
	at org.gradle.internal.execution.steps.RemovePreviousOutputsStep.execute(RemovePreviousOutputsStep.java:68)
	at org.gradle.internal.execution.steps.RemovePreviousOutputsStep.execute(RemovePreviousOutputsStep.java:38)
	at org.gradle.internal.execution.steps.BroadcastChangingOutputsStep.execute(BroadcastChangingOutputsStep.java:61)
	at org.gradle.internal.execution.steps.BroadcastChangingOutputsStep.execute(BroadcastChangingOutputsStep.java:26)
	at org.gradle.internal.execution.steps.CaptureOutputsAfterExecutionStep.execute(CaptureOutputsAfterExecutionStep.java:69)
	at org.gradle.internal.execution.steps.CaptureOutputsAfterExecutionStep.execute(CaptureOutputsAfterExecutionStep.java:46)
	at org.gradle.internal.execution.steps.ResolveInputChangesStep.execute(ResolveInputChangesStep.java:39)
	at org.gradle.internal.execution.steps.ResolveInputChangesStep.execute(ResolveInputChangesStep.java:28)
	at org.gradle.internal.execution.steps.BuildCacheStep.executeWithoutCache(BuildCacheStep.java:189)
	at org.gradle.internal.execution.steps.BuildCacheStep.lambda$execute$1(BuildCacheStep.java:75)
	at org.gradle.internal.Either$Right.fold(Either.java:176)
	at org.gradle.internal.execution.caching.CachingState.fold(CachingState.java:62)
	at org.gradle.internal.execution.steps.BuildCacheStep.execute(BuildCacheStep.java:73)
	at org.gradle.internal.execution.steps.BuildCacheStep.execute(BuildCacheStep.java:48)
	at org.gradle.internal.execution.steps.StoreExecutionStateStep.execute(StoreExecutionStateStep.java:46)
	at org.gradle.internal.execution.steps.StoreExecutionStateStep.execute(StoreExecutionStateStep.java:35)
	at org.gradle.internal.execution.steps.SkipUpToDateStep.executeBecause(SkipUpToDateStep.java:75)
	at org.gradle.internal.execution.steps.SkipUpToDateStep.lambda$execute$2(SkipUpToDateStep.java:53)
	at java.base@17.0.14/java.util.Optional.orElseGet(Optional.java:364)
	at org.gradle.internal.execution.steps.SkipUpToDateStep.execute(SkipUpToDateStep.java:53)
	at org.gradle.internal.execution.steps.SkipUpToDateStep.execute(SkipUpToDateStep.java:35)
	at org.gradle.internal.execution.steps.legacy.MarkSnapshottingInputsFinishedStep.execute(MarkSnapshottingInputsFinishedStep.java:37)
	at org.gradle.internal.execution.steps.legacy.MarkSnapshottingInputsFinishedStep.execute(MarkSnapshottingInputsFinishedStep.java:27)
	at org.gradle.internal.execution.steps.ResolveIncrementalCachingStateStep.executeDelegate(ResolveIncrementalCachingStateStep.java:49)
	at org.gradle.internal.execution.steps.ResolveIncrementalCachingStateStep.executeDelegate(ResolveIncrementalCachingStateStep.java:27)
	at org.gradle.internal.execution.steps.AbstractResolveCachingStateStep.execute(AbstractResolveCachingStateStep.java:71)
	at org.gradle.internal.execution.steps.AbstractResolveCachingStateStep.execute(AbstractResolveCachingStateStep.java:39)
	at org.gradle.internal.execution.steps.ResolveChangesStep.execute(ResolveChangesStep.java:64)
	at org.gradle.internal.execution.steps.ResolveChangesStep.execute(ResolveChangesStep.java:35)
	at org.gradle.internal.execution.steps.ValidateStep.execute(ValidateStep.java:62)
	at org.gradle.internal.execution.steps.ValidateStep.execute(ValidateStep.java:40)
	at org.gradle.internal.execution.steps.AbstractCaptureStateBeforeExecutionStep.execute(AbstractCaptureStateBeforeExecutionStep.java:76)
	at org.gradle.internal.execution.steps.AbstractCaptureStateBeforeExecutionStep.execute(AbstractCaptureStateBeforeExecutionStep.java:45)
	at org.gradle.internal.execution.steps.AbstractSkipEmptyWorkStep.executeWithNonEmptySources(AbstractSkipEmptyWorkStep.java:136)
	at org.gradle.internal.execution.steps.AbstractSkipEmptyWorkStep.execute(AbstractSkipEmptyWorkStep.java:61)
	at org.gradle.internal.execution.steps.AbstractSkipEmptyWorkStep.execute(AbstractSkipEmptyWorkStep.java:38)
	at org.gradle.internal.execution.steps.legacy.MarkSnapshottingInputsStartedStep.execute(MarkSnapshottingInputsStartedStep.java:38)
	at org.gradle.internal.execution.steps.LoadPreviousExecutionStateStep.execute(LoadPreviousExecutionStateStep.java:36)
	at org.gradle.internal.execution.steps.LoadPreviousExecutionStateStep.execute(LoadPreviousExecutionStateStep.java:23)
	at org.gradle.internal.execution.steps.HandleStaleOutputsStep.execute(HandleStaleOutputsStep.java:75)
	at org.gradle.internal.execution.steps.HandleStaleOutputsStep.execute(HandleStaleOutputsStep.java:41)
	at org.gradle.internal.execution.steps.AssignMutableWorkspaceStep.lambda$execute$0(AssignMutableWorkspaceStep.java:35)
	at org.gradle.api.internal.tasks.execution.TaskExecution$4.withWorkspace(TaskExecution.java:297)
	at org.gradle.internal.execution.steps.AssignMutableWorkspaceStep.execute(AssignMutableWorkspaceStep.java:31)
	at org.gradle.internal.execution.steps.AssignMutableWorkspaceStep.execute(AssignMutableWorkspaceStep.java:22)
	at org.gradle.internal.execution.steps.ChoosePipelineStep.execute(ChoosePipelineStep.java:40)
	at org.gradle.internal.execution.steps.ChoosePipelineStep.execute(ChoosePipelineStep.java:23)
	at org.gradle.internal.execution.steps.ExecuteWorkBuildOperationFiringStep.lambda$execute$2(ExecuteWorkBuildOperationFiringStep.java:67)
	at java.base@17.0.14/java.util.Optional.orElseGet(Optional.java:364)
	at org.gradle.internal.execution.steps.ExecuteWorkBuildOperationFiringStep.execute(ExecuteWorkBuildOperationFiringStep.java:67)
	at org.gradle.internal.execution.steps.ExecuteWorkBuildOperationFiringStep.execute(ExecuteWorkBuildOperationFiringStep.java:39)
	at org.gradle.internal.execution.steps.IdentityCacheStep.execute(IdentityCacheStep.java:46)
	at org.gradle.internal.execution.steps.IdentityCacheStep.execute(IdentityCacheStep.java:34)
	at org.gradle.internal.execution.steps.IdentifyStep.execute(IdentifyStep.java:47)
	at org.gradle.internal.execution.steps.IdentifyStep.execute(IdentifyStep.java:34)
	at org.gradle.internal.execution.impl.DefaultExecutionEngine$1.execute(DefaultExecutionEngine.java:64)
	at org.gradle.api.internal.tasks.execution.ExecuteActionsTaskExecuter.executeIfValid(ExecuteActionsTaskExecuter.java:132)
	at org.gradle.api.internal.tasks.execution.ExecuteActionsTaskExecuter.execute(ExecuteActionsTaskExecuter.java:121)
	at org.gradle.api.internal.tasks.execution.ProblemsTaskPathTrackingTaskExecuter.execute(ProblemsTaskPathTrackingTaskExecuter.java:41)
	at org.gradle.api.internal.tasks.execution.FinalizePropertiesTaskExecuter.execute(FinalizePropertiesTaskExecuter.java:46)
	at org.gradle.api.internal.tasks.execution.ResolveTaskExecutionModeExecuter.execute(ResolveTaskExecutionModeExecuter.java:51)
	at org.gradle.api.internal.tasks.execution.SkipTaskWithNoActionsExecuter.execute(SkipTaskWithNoActionsExecuter.java:57)
	at org.gradle.api.internal.tasks.execution.SkipOnlyIfTaskExecuter.execute(SkipOnlyIfTaskExecuter.java:74)
	at org.gradle.api.internal.tasks.execution.CatchExceptionTaskExecuter.execute(CatchExceptionTaskExecuter.java:36)
	at org.gradle.api.internal.tasks.execution.EventFiringTaskExecuter$1.executeTask(EventFiringTaskExecuter.java:77)
	at org.gradle.api.internal.tasks.execution.EventFiringTaskExecuter$1.call(EventFiringTaskExecuter.java:55)
	at org.gradle.api.internal.tasks.execution.EventFiringTaskExecuter$1.call(EventFiringTaskExecuter.java:52)
	at org.gradle.internal.operations.DefaultBuildOperationRunner$CallableBuildOperationWorker.execute(DefaultBuildOperationRunner.java:209)
	at org.gradle.internal.operations.DefaultBuildOperationRunner$CallableBuildOperationWorker.execute(DefaultBuildOperationRunner.java:204)
	at org.gradle.internal.operations.DefaultBuildOperationRunner$2.execute(DefaultBuildOperationRunner.java:66)
	at org.gradle.internal.operations.DefaultBuildOperationRunner$2.execute(DefaultBuildOperationRunner.java:59)
	at org.gradle.internal.operations.DefaultBuildOperationRunner.execute(DefaultBuildOperationRunner.java:166)
	at org.gradle.internal.operations.DefaultBuildOperationRunner.execute(DefaultBuildOperationRunner.java:59)
	at org.gradle.internal.operations.DefaultBuildOperationRunner.call(DefaultBuildOperationRunner.java:53)
	at org.gradle.api.internal.tasks.execution.EventFiringTaskExecuter.execute(EventFiringTaskExecuter.java:52)
	at org.gradle.execution.plan.LocalTaskNodeExecutor.execute(LocalTaskNodeExecutor.java:45)
	at org.gradle.execution.taskgraph.DefaultTaskExecutionGraph$InvokeNodeExecutorsAction.execute(DefaultTaskExecutionGraph.java:347)
	at org.gradle.execution.taskgraph.DefaultTaskExecutionGraph$InvokeNodeExecutorsAction.execute(DefaultTaskExecutionGraph.java:334)
	at org.gradle.execution.taskgraph.DefaultTaskExecutionGraph$BuildOperationAwareExecutionAction.lambda$execute$0(DefaultTaskExecutionGraph.java:330)
	at org.gradle.internal.operations.CurrentBuildOperationRef.with(CurrentBuildOperationRef.java:84)
	at org.gradle.execution.taskgraph.DefaultTaskExecutionGraph$BuildOperationAwareExecutionAction.execute(DefaultTaskExecutionGraph.java:330)
	at org.gradle.execution.taskgraph.DefaultTaskExecutionGraph$BuildOperationAwareExecutionAction.execute(DefaultTaskExecutionGraph.java:319)
	at org.gradle.execution.plan.DefaultPlanExecutor$ExecutorWorker.execute(DefaultPlanExecutor.java:459)
	at org.gradle.execution.plan.DefaultPlanExecutor$ExecutorWorker.run(DefaultPlanExecutor.java:376)
	at org.gradle.execution.plan.DefaultPlanExecutor.process(DefaultPlanExecutor.java:111)
	at org.gradle.execution.taskgraph.DefaultTaskExecutionGraph.executeWithServices(DefaultTaskExecutionGraph.java:144)
	at org.gradle.execution.taskgraph.DefaultTaskExecutionGraph.execute(DefaultTaskExecutionGraph.java:129)
	at org.gradle.execution.SelectedTaskExecutionAction.execute(SelectedTaskExecutionAction.java:35)
	at org.gradle.execution.DryRunBuildExecutionAction.execute(DryRunBuildExecutionAction.java:51)
	at org.gradle.execution.BuildOperationFiringBuildWorkerExecutor$ExecuteTasks.call(BuildOperationFiringBuildWorkerExecutor.java:54)
	at org.gradle.execution.BuildOperationFiringBuildWorkerExecutor$ExecuteTasks.call(BuildOperationFiringBuildWorkerExecutor.java:43)
	at org.gradle.internal.operations.DefaultBuildOperationRunner$CallableBuildOperationWorker.execute(DefaultBuildOperationRunner.java:209)
	at org.gradle.internal.operations.DefaultBuildOperationRunner$CallableBuildOperationWorker.execute(DefaultBuildOperationRunner.java:204)
	at org.gradle.internal.operations.DefaultBuildOperationRunner$2.execute(DefaultBuildOperationRunner.java:66)
	at org.gradle.internal.operations.DefaultBuildOperationRunner$2.execute(DefaultBuildOperationRunner.java:59)
	at org.gradle.internal.operations.DefaultBuildOperationRunner.execute(DefaultBuildOperationRunner.java:166)
	at org.gradle.internal.operations.DefaultBuildOperationRunner.execute(DefaultBuildOperationRunner.java:59)
	at org.gradle.internal.operations.DefaultBuildOperationRunner.call(DefaultBuildOperationRunner.java:53)
	at org.gradle.execution.BuildOperationFiringBuildWorkerExecutor.execute(BuildOperationFiringBuildWorkerExecutor.java:40)
	at org.gradle.internal.build.DefaultBuildLifecycleController.lambda$executeTasks$10(DefaultBuildLifecycleController.java:313)
	at org.gradle.internal.model.StateTransitionController.doTransition(StateTransitionController.java:266)
	at org.gradle.internal.model.StateTransitionController.lambda$tryTransition$8(StateTransitionController.java:177)
	at org.gradle.internal.work.DefaultSynchronizer.withLock(DefaultSynchronizer.java:45)
	at org.gradle.internal.model.StateTransitionController.tryTransition(StateTransitionController.java:177)
	at org.gradle.internal.build.DefaultBuildLifecycleController.executeTasks(DefaultBuildLifecycleController.java:304)
	at org.gradle.internal.build.DefaultBuildWorkGraphController$DefaultBuildWorkGraph.runWork(DefaultBuildWorkGraphController.java:220)
	at org.gradle.internal.work.DefaultWorkerLeaseService.withLocks(DefaultWorkerLeaseService.java:263)
	at org.gradle.internal.work.DefaultWorkerLeaseService.runAsWorkerThread(DefaultWorkerLeaseService.java:127)
	at org.gradle.composite.internal.DefaultBuildController.doRun(DefaultBuildController.java:181)
	at org.gradle.composite.internal.DefaultBuildController.access$000(DefaultBuildController.java:50)
	at org.gradle.composite.internal.DefaultBuildController$BuildOpRunnable.lambda$run$0(DefaultBuildController.java:198)
	at org.gradle.internal.operations.CurrentBuildOperationRef.with(CurrentBuildOperationRef.java:84)
	at org.gradle.composite.internal.DefaultBuildController$BuildOpRunnable.run(DefaultBuildController.java:198)
	at java.base@17.0.14/java.util.concurrent.Executors$RunnableAdapter.call(Executors.java:539)
	at java.base@17.0.14/java.util.concurrent.FutureTask.run(FutureTask.java:264)
	at org.gradle.internal.concurrent.ExecutorPolicy$CatchAndRecordFailures.onExecute(ExecutorPolicy.java:64)
	at org.gradle.internal.concurrent.AbstractManagedExecutor$1.run(AbstractManagedExecutor.java:47)
	at java.base@17.0.14/java.util.concurrent.ThreadPoolExecutor.runWorker(ThreadPoolExecutor.java:1136)
	at java.base@17.0.14/java.util.concurrent.ThreadPoolExecutor$Worker.run(ThreadPoolExecutor.java:635)
	at java.base@17.0.14/java.lang.Thread.run(Thread.java:840)

FAILURE: Build failed with an exception.

* What went wrong:
Execution failed for task ':app:installDebug'.
> java.util.concurrent.ExecutionException: com.android.builder.testing.api.DeviceException: com.android.ddmlib.InstallException: Unknown failure: Error: device is still booting.

* Try:
> Run with --stacktrace option to get the stack trace.
> Run with --info or --debug option to get more log output.
> Run with --scan to generate a Build Scan (Powered by Develocity).
> Get more help at https://help.gradle.org.

BUILD FAILED in 3m 50s
error Failed to install the app. Command failed with exit code 1: gradlew.bat app:installDebug -PreactNativeDevServerPort=8081
******************************************************************************** WARNING: Setting `newArchEnabled=false` in your `gradle.properties` file is not
supported anymore since React Native 0.82. You can remove the line from your `gradle.properties` file. The application will run with the New Architecture enabled by default. ******************************************************************************** Unable to install D:\New folder\NimbusX\android\app\build\outputs\apk\debug\app-debug.apk com.android.ddmlib.InstallException: Unknown failure: Error: device is still booting. at com.android.ddmlib.IDeviceSharedImpl.installRemotePackage(IDeviceSharedImpl.java:344) at com.android.ddmlib.IDeviceSharedImpl.installPackage(IDeviceSharedImpl.java:367) at com.android.ddmlib.internal.DeviceImpl.lambda$installPackage$33(DeviceImpl.java:1470) at com.android.ddmlib.internal.DeviceImpl.logRun3(DeviceImpl.java:1833) at com.android.ddmlib.internal.DeviceImpl.installPackage(DeviceImpl.java:1467) at com.android.ddmlib.internal.DeviceImpl.lambda$installPackage$32(DeviceImpl.java:1447) at com.android.ddmlib.internal.DeviceImpl.logRun3(DeviceImpl.java:1833) at com.android.ddmlib.internal.DeviceImpl.installPackage(DeviceImpl.java:1443) at com.android.ddmlib.internal.DeviceImpl.lambda$installPackage$31(DeviceImpl.java:1433) at com.android.ddmlib.internal.DeviceImpl.logRun3(DeviceImpl.java:1833) at com.android.ddmlib.internal.DeviceImpl.installPackage(DeviceImpl.java:1431) at com.android.build.gradle.internal.testing.ConnectedDevice.installPackage(ConnectedDevice.java:129) at com.android.build.gradle.internal.tasks.InstallVariantTask.installPackages(InstallVariantTask.java:214) at com.android.build.gradle.internal.tasks.InstallVariantTask.install(InstallVariantTask.java:187) at com.android.build.gradle.internal.tasks.InstallVariantTask.lambda$doTaskAction$1(InstallVariantTask.java:124) at com.android.builder.testing.api.DeviceProvider.use(DeviceProvider.java:55) at com.android.build.gradle.internal.tasks.InstallVariantTask.doTaskAction(InstallVariantTask.java:109) at com.android.build.gradle.internal.tasks.NonIncrementalTask$taskAction$$inlined$recordTaskAction$1.invoke(BaseTask.kt:60) at com.android.build.gradle.internal.tasks.Blocks.recordSpan(Blocks.java:51) at com.android.build.gradle.internal.tasks.NonIncrementalTask.taskAction(NonIncrementalTask.kt:78) at java.base@17.0.14/jdk.internal.reflect.NativeMethodAccessorImpl.invoke0(Native Method) at java.base@17.0.14/jdk.internal.reflect.NativeMethodAccessorImpl.invoke(NativeMethodAccessorImpl.java:77) at java.base@17.0.14/jdk.internal.reflect.DelegatingMethodAccessorImpl.invoke(DelegatingMethodAccessorImpl.java:43) at java.base@17.0.14/java.lang.reflect.Method.invoke(Method.java:569) at org.gradle.internal.reflect.JavaMethod.invoke(JavaMethod.java:125) at org.gradle.api.internal.project.taskfactory.StandardTaskAction.doExecute(StandardTaskAction.java:58) at org.gradle.api.internal.project.taskfactory.StandardTaskAction.execute(StandardTaskAction.java:51) at org.gradle.api.internal.project.taskfactory.StandardTaskAction.execute(StandardTaskAction.java:29) at org.gradle.api.internal.tasks.execution.TaskExecution$3.run(TaskExecution.java:252) at org.gradle.internal.operations.DefaultBuildOperationRunner$1.execute(DefaultBuildOperationRunner.java:29) at org.gradle.internal.operations.DefaultBuildOperationRunner$1.execute(DefaultBuildOperationRunner.java:26) at org.gradle.internal.operations.DefaultBuildOperationRunner$2.execute(DefaultBuildOperationRunner.java:66) at org.gradle.internal.operations.DefaultBuildOperationRunner$2.execute(DefaultBuildOperationRunner.java:59) at org.gradle.internal.operations.DefaultBuildOperationRunner.execute(DefaultBuildOperationRunner.java:166) at org.gradle.internal.operations.DefaultBuildOperationRunner.execute(DefaultBuildOperationRunner.java:59) at org.gradle.internal.operations.DefaultBuildOperationRunner.run(DefaultBuildOperationRunner.java:47) at org.gradle.api.internal.tasks.execution.TaskExecution.executeAction(TaskExecution.java:237) at org.gradle.api.internal.tasks.execution.TaskExecution.executeActions(TaskExecution.java:220) at org.gradle.api.internal.tasks.execution.TaskExecution.executeWithPreviousOutputFiles(TaskExecution.java:203) at org.gradle.api.internal.tasks.execution.TaskExecution.execute(TaskExecution.java:170) at org.gradle.internal.execution.steps.ExecuteStep.executeInternal(ExecuteStep.java:105) at org.gradle.internal.execution.steps.ExecuteStep.access$000(ExecuteStep.java:44) at org.gradle.internal.execution.steps.ExecuteStep$1.call(ExecuteStep.java:59) at org.gradle.internal.execution.steps.ExecuteStep$1.call(ExecuteStep.java:56) at org.gradle.internal.operations.DefaultBuildOperationRunner$CallableBuildOperationWorker.execute(DefaultBuildOperationRunner.java:209) at org.gradle.internal.operations.DefaultBuildOperationRunner$CallableBuildOperationWorker.execute(DefaultBuildOperationRunner.java:204) at org.gradle.internal.operations.DefaultBuildOperationRunner$2.execute(DefaultBuildOperationRunner.java:66) at org.gradle.internal.operations.DefaultBuildOperationRunner$2.execute(DefaultBuildOperationRunner.java:59) at org.gradle.internal.operations.DefaultBuildOperationRunner.execute(DefaultBuildOperationRunner.java:166) at org.gradle.internal.operations.DefaultBuildOperationRunner.execute(DefaultBuildOperationRunner.java:59) at org.gradle.internal.operations.DefaultBuildOperationRunner.call(DefaultBuildOperationRunner.java:53) at org.gradle.internal.execution.steps.ExecuteStep.execute(ExecuteStep.java:56) at org.gradle.internal.execution.steps.ExecuteStep.execute(ExecuteStep.java:44) at org.gradle.internal.execution.steps.CancelExecutionStep.execute(CancelExecutionStep.java:42) at org.gradle.internal.execution.steps.TimeoutStep.executeWithoutTimeout(TimeoutStep.java:75) at org.gradle.internal.execution.steps.TimeoutStep.execute(TimeoutStep.java:55) at org.gradle.internal.execution.steps.PreCreateOutputParentsStep.execute(PreCreateOutputParentsStep.java:50) at org.gradle.internal.execution.steps.PreCreateOutputParentsStep.execute(PreCreateOutputParentsStep.java:28) at org.gradle.internal.execution.steps.RemovePreviousOutputsStep.execute(RemovePreviousOutputsStep.java:68) at org.gradle.internal.execution.steps.RemovePreviousOutputsStep.execute(RemovePreviousOutputsStep.java:38) at org.gradle.internal.execution.steps.BroadcastChangingOutputsStep.execute(BroadcastChangingOutputsStep.java:61) at org.gradle.internal.execution.steps.BroadcastChangingOutputsStep.execute(BroadcastChangingOutputsStep.java:26) at org.gradle.internal.execution.steps.CaptureOutputsAfterExecutionStep.execute(CaptureOutputsAfterExecutionStep.java:69) at org.gradle.internal.execution.steps.CaptureOutputsAfterExecutionStep.execute(CaptureOutputsAfterExecutionStep.java:46) at org.gradle.internal.execution.steps.ResolveInputChangesStep.execute(ResolveInputChangesStep.java:39) at org.gradle.internal.execution.steps.ResolveInputChangesStep.execute(ResolveInputChangesStep.java:28) at org.gradle.internal.execution.steps.BuildCacheStep.executeWithoutCache(BuildCacheStep.java:189) at org.gradle.internal.execution.steps.BuildCacheStep.lambda$execute$1(BuildCacheStep.java:75) at org.gradle.internal.Either$Right.fold(Either.java:176) at org.gradle.internal.execution.caching.CachingState.fold(CachingState.java:62) at org.gradle.internal.execution.steps.BuildCacheStep.execute(BuildCacheStep.java:73) at org.gradle.internal.execution.steps.BuildCacheStep.execute(BuildCacheStep.java:48) at org.gradle.internal.execution.steps.StoreExecutionStateStep.execute(StoreExecutionStateStep.java:46) at org.gradle.internal.execution.steps.StoreExecutionStateStep.execute(StoreExecutionStateStep.java:35) at org.gradle.internal.execution.steps.SkipUpToDateStep.executeBecause(SkipUpToDateStep.java:75) at org.gradle.internal.execution.steps.SkipUpToDateStep.lambda$execute$2(SkipUpToDateStep.java:53) at java.base@17.0.14/java.util.Optional.orElseGet(Optional.java:364) at org.gradle.internal.execution.steps.SkipUpToDateStep.execute(SkipUpToDateStep.java:53) at org.gradle.internal.execution.steps.SkipUpToDateStep.execute(SkipUpToDateStep.java:35) at org.gradle.internal.execution.steps.legacy.MarkSnapshottingInputsFinishedStep.execute(MarkSnapshottingInputsFinishedStep.java:37) at org.gradle.internal.execution.steps.legacy.MarkSnapshottingInputsFinishedStep.execute(MarkSnapshottingInputsFinishedStep.java:27) at org.gradle.internal.execution.steps.ResolveIncrementalCachingStateStep.executeDelegate(ResolveIncrementalCachingStateStep.java:49) at org.gradle.internal.execution.steps.ResolveIncrementalCachingStateStep.executeDelegate(ResolveIncrementalCachingStateStep.java:27) at org.gradle.internal.execution.steps.AbstractResolveCachingStateStep.execute(AbstractResolveCachingStateStep.java:71) at org.gradle.internal.execution.steps.AbstractResolveCachingStateStep.execute(AbstractResolveCachingStateStep.java:39) at org.gradle.internal.execution.steps.ResolveChangesStep.execute(ResolveChangesStep.java:64) at org.gradle.internal.execution.steps.ResolveChangesStep.execute(ResolveChangesStep.java:35) at org.gradle.internal.execution.steps.ValidateStep.execute(ValidateStep.java:62) at org.gradle.internal.execution.steps.ValidateStep.execute(ValidateStep.java:40) at org.gradle.internal.execution.steps.AbstractCaptureStateBeforeExecutionStep.execute(AbstractCaptureStateBeforeExecutionStep.java:76) at org.gradle.internal.execution.steps.AbstractCaptureStateBeforeExecutionStep.execute(AbstractCaptureStateBeforeExecutionStep.java:45) at org.gradle.internal.execution.steps.AbstractSkipEmptyWorkStep.executeWithNonEmptySources(AbstractSkipEmptyWorkStep.java:136) at org.gradle.internal.execution.steps.AbstractSkipEmptyWorkStep.execute(AbstractSkipEmptyWorkStep.java:61) at org.gradle.internal.execution.steps.AbstractSkipEmptyWorkStep.execute(AbstractSkipEmptyWorkStep.java:38) at org.gradle.internal.execution.steps.legacy.MarkSnapshottingInputsStartedStep.execute(MarkSnapshottingInputsStartedStep.java:38) at org.gradle.internal.execution.steps.LoadPreviousExecutionStateStep.execute(LoadPreviousExecutionStateStep.java:36) at org.gradle.internal.execution.steps.LoadPreviousExecutionStateStep.execute(LoadPreviousExecutionStateStep.java:23) at org.gradle.internal.execution.steps.HandleStaleOutputsStep.execute(HandleStaleOutputsStep.java:75) at org.gradle.internal.execution.steps.HandleStaleOutputsStep.execute(HandleStaleOutputsStep.java:41) at org.gradle.internal.execution.steps.AssignMutableWorkspaceStep.lambda$execute$0(AssignMutableWorkspaceStep.java:35) at org.gradle.api.internal.tasks.execution.TaskExecution$4.withWorkspace(TaskExecution.java:297) at org.gradle.internal.execution.steps.AssignMutableWorkspaceStep.execute(AssignMutableWorkspaceStep.java:31) at org.gradle.internal.execution.steps.AssignMutableWorkspaceStep.execute(AssignMutableWorkspaceStep.java:22) at org.gradle.internal.execution.steps.ChoosePipelineStep.execute(ChoosePipelineStep.java:40) at org.gradle.internal.execution.steps.ChoosePipelineStep.execute(ChoosePipelineStep.java:23) at org.gradle.internal.execution.steps.ExecuteWorkBuildOperationFiringStep.lambda$execute$2(ExecuteWorkBuildOperationFiringStep.java:67) at java.base@17.0.14/java.util.Optional.orElseGet(Optional.java:364) at org.gradle.internal.execution.steps.ExecuteWorkBuildOperationFiringStep.execute(ExecuteWorkBuildOperationFiringStep.java:67) at org.gradle.internal.execution.steps.ExecuteWorkBuildOperationFiringStep.execute(ExecuteWorkBuildOperationFiringStep.java:39) at org.gradle.internal.execution.steps.IdentityCacheStep.execute(IdentityCacheStep.java:46) at org.gradle.internal.execution.steps.IdentityCacheStep.execute(IdentityCacheStep.java:34) at org.gradle.internal.execution.steps.IdentifyStep.execute(IdentifyStep.java:47) at org.gradle.internal.execution.steps.IdentifyStep.execute(IdentifyStep.java:34) at org.gradle.internal.execution.impl.DefaultExecutionEngine$1.execute(DefaultExecutionEngine.java:64) at org.gradle.api.internal.tasks.execution.ExecuteActionsTaskExecuter.executeIfValid(ExecuteActionsTaskExecuter.java:132) at org.gradle.api.internal.tasks.execution.ExecuteActionsTaskExecuter.execute(ExecuteActionsTaskExecuter.java:121) at org.gradle.api.internal.tasks.execution.ProblemsTaskPathTrackingTaskExecuter.execute(ProblemsTaskPathTrackingTaskExecuter.java:41) at org.gradle.api.internal.tasks.execution.FinalizePropertiesTaskExecuter.execute(FinalizePropertiesTaskExecuter.java:46) at org.gradle.api.internal.tasks.execution.ResolveTaskExecutionModeExecuter.execute(ResolveTaskExecutionModeExecuter.java:51) at org.gradle.api.internal.tasks.execution.SkipTaskWithNoActionsExecuter.execute(SkipTaskWithNoActionsExecuter.java:57) at org.gradle.api.internal.tasks.execution.SkipOnlyIfTaskExecuter.execute(SkipOnlyIfTaskExecuter.java:74) at org.gradle.api.internal.tasks.execution.CatchExceptionTaskExecuter.execute(CatchExceptionTaskExecuter.java:36) at org.gradle.api.internal.tasks.execution.EventFiringTaskExecuter$1.executeTask(EventFiringTaskExecuter.java:77) at org.gradle.api.internal.tasks.execution.EventFiringTaskExecuter$1.call(EventFiringTaskExecuter.java:55) at org.gradle.api.internal.tasks.execution.EventFiringTaskExecuter$1.call(EventFiringTaskExecuter.java:52) at org.gradle.internal.operations.DefaultBuildOperationRunner$CallableBuildOperationWorker.execute(DefaultBuildOperationRunner.java:209) at org.gradle.internal.operations.DefaultBuildOperationRunner$CallableBuildOperationWorker.execute(DefaultBuildOperationRunner.java:204) at org.gradle.internal.operations.DefaultBuildOperationRunner$2.execute(DefaultBuildOperationRunner.java:66) at org.gradle.internal.operations.DefaultBuildOperationRunner$2.execute(DefaultBuildOperationRunner.java:59) at org.gradle.internal.operations.DefaultBuildOperationRunner.execute(DefaultBuildOperationRunner.java:166) at org.gradle.internal.operations.DefaultBuildOperationRunner.execute(DefaultBuildOperationRunner.java:59) at org.gradle.internal.operations.DefaultBuildOperationRunner.call(DefaultBuildOperationRunner.java:53) at org.gradle.api.internal.tasks.execution.EventFiringTaskExecuter.execute(EventFiringTaskExecuter.java:52) at org.gradle.execution.plan.LocalTaskNodeExecutor.execute(LocalTaskNodeExecutor.java:45) at org.gradle.execution.taskgraph.DefaultTaskExecutionGraph$InvokeNodeExecutorsAction.execute(DefaultTaskExecutionGraph.java:347) at org.gradle.execution.taskgraph.DefaultTaskExecutionGraph$InvokeNodeExecutorsAction.execute(DefaultTaskExecutionGraph.java:334) at org.gradle.execution.taskgraph.DefaultTaskExecutionGraph$BuildOperationAwareExecutionAction.lambda$execute$0(DefaultTaskExecutionGraph.java:330) at org.gradle.internal.operations.CurrentBuildOperationRef.with(CurrentBuildOperationRef.java:84) at org.gradle.execution.taskgraph.DefaultTaskExecutionGraph$BuildOperationAwareExecutionAction.execute(DefaultTaskExecutionGraph.java:330) at org.gradle.execution.taskgraph.DefaultTaskExecutionGraph$BuildOperationAwareExecutionAction.execute(DefaultTaskExecutionGraph.java:319) at org.gradle.execution.plan.DefaultPlanExecutor$ExecutorWorker.execute(DefaultPlanExecutor.java:459) at org.gradle.execution.plan.DefaultPlanExecutor$ExecutorWorker.run(DefaultPlanExecutor.java:376) at org.gradle.execution.plan.DefaultPlanExecutor.process(DefaultPlanExecutor.java:111) at org.gradle.execution.taskgraph.DefaultTaskExecutionGraph.executeWithServices(DefaultTaskExecutionGraph.java:144) at org.gradle.execution.taskgraph.DefaultTaskExecutionGraph.execute(DefaultTaskExecutionGraph.java:129) at org.gradle.execution.SelectedTaskExecutionAction.execute(SelectedTaskExecutionAction.java:35) at org.gradle.execution.DryRunBuildExecutionAction.execute(DryRunBuildExecutionAction.java:51) at org.gradle.execution.BuildOperationFiringBuildWorkerExecutor$ExecuteTasks.call(BuildOperationFiringBuildWorkerExecutor.java:54) at org.gradle.execution.BuildOperationFiringBuildWorkerExecutor$ExecuteTasks.call(BuildOperationFiringBuildWorkerExecutor.java:43) at org.gradle.internal.operations.DefaultBuildOperationRunner$CallableBuildOperationWorker.execute(DefaultBuildOperationRunner.java:209) at org.gradle.internal.operations.DefaultBuildOperationRunner$CallableBuildOperationWorker.execute(DefaultBuildOperationRunner.java:204) at org.gradle.internal.operations.DefaultBuildOperationRunner$2.execute(DefaultBuildOperationRunner.java:66) at org.gradle.internal.operations.DefaultBuildOperationRunner$2.execute(DefaultBuildOperationRunner.java:59) at org.gradle.internal.operations.DefaultBuildOperationRunner.execute(DefaultBuildOperationRunner.java:166) at org.gradle.internal.operations.DefaultBuildOperationRunner.execute(DefaultBuildOperationRunner.java:59) at org.gradle.internal.operations.DefaultBuildOperationRunner.call(DefaultBuildOperationRunner.java:53) at org.gradle.execution.BuildOperationFiringBuildWorkerExecutor.execute(BuildOperationFiringBuildWorkerExecutor.java:40) at org.gradle.internal.build.DefaultBuildLifecycleController.lambda$executeTasks$10(DefaultBuildLifecycleController.java:313) at org.gradle.internal.model.StateTransitionController.doTransition(StateTransitionController.java:266) at org.gradle.internal.model.StateTransitionController.lambda$tryTransition$8(StateTransitionController.java:177) at org.gradle.internal.work.DefaultSynchronizer.withLock(DefaultSynchronizer.java:45) at org.gradle.internal.model.StateTransitionController.tryTransition(StateTransitionController.java:177) at org.gradle.internal.build.DefaultBuildLifecycleController.executeTasks(DefaultBuildLifecycleController.java:304) at org.gradle.internal.build.DefaultBuildWorkGraphController$DefaultBuildWorkGraph.runWork(DefaultBuildWorkGraphController.java:220) at org.gradle.internal.work.DefaultWorkerLeaseService.withLocks(DefaultWorkerLeaseService.java:263) at org.gradle.internal.work.DefaultWorkerLeaseService.runAsWorkerThread(DefaultWorkerLeaseService.java:127) at org.gradle.composite.internal.DefaultBuildController.doRun(DefaultBuildController.java:181) at org.gradle.composite.internal.DefaultBuildController.access$000(DefaultBuildController.java:50) at org.gradle.composite.internal.DefaultBuildController$BuildOpRunnable.lambda$run$0(DefaultBuildController.java:198) at org.gradle.internal.operations.CurrentBuildOperationRef.with(CurrentBuildOperationRef.java:84) at org.gradle.composite.internal.DefaultBuildController$BuildOpRunnable.run(DefaultBuildController.java:198) at java.base@17.0.14/java.util.concurrent.Executors$RunnableAdapter.call(Executors.java:539) at java.base@17.0.14/java.util.concurrent.FutureTask.run(FutureTask.java:264) at org.gradle.internal.concurrent.ExecutorPolicy$CatchAndRecordFailures.onExecute(ExecutorPolicy.java:64) at org.gradle.internal.concurrent.AbstractManagedExecutor$1.run(AbstractManagedExecutor.java:47) at java.base@17.0.14/java.util.concurrent.ThreadPoolExecutor.runWorker(ThreadPoolExecutor.java:1136) at java.base@17.0.14/java.util.concurrent.ThreadPoolExecutor$Worker.run(ThreadPoolExecutor.java:635) at java.base@17.0.14/java.lang.Thread.run(Thread.java:840) FAILURE: Build failed with an exception. * What went wrong: Execution failed for task ':app:installDebug'. > java.util.concurrent.ExecutionException: com.android.builder.testing.api.DeviceException: com.android.ddmlib.InstallException: Unknown failure: Error: device is still booting. * Try: > Run with --stacktrace option to get the stack trace. > Run with --info or --debug option to get more log output. > Run with --scan to generate a Build Scan (Powered by Develocity). > Get more help at https://help.gradle.org. BUILD FAILED in 3m 50s.
info Run CLI with --verbose flag for more details.
