oh-my-posh : The term 'oh-my-posh' is not recognized as the name of a cmdlet, function, script file, or operable 
program. Check the spelling of the name, or if a path was included, verify that the path is correct and try again.
At C:\Users\prem\OneDrive\Documents\WindowsPowerShell\Microsoft.PowerShell_profile.ps1:1 char:1
+ oh-my-posh init pwsh --config "$env:POSH_THEMES_PATH\paradox.omp.json ...
+ ~~~~~~~~~~
    + CategoryInfo          : ObjectNotFound: (oh-my-posh:String) [], CommandNotFoundException
    + FullyQualifiedErrorId : CommandNotFoundException
 

> NimbusX@0.0.1 start
> react-native start


Welcome to React Native v0.84
Starting dev server on http://localhost:8081

error listen EADDRINUSE: address already in use :::8081.
Error: listen EADDRINUSE: address already in use :::8081
    at Server.setupListenHandle [as _listen2] (node:net:1937:16)
    at listenInCluster (node:net:1994:12)
    at Server.listen (node:net:2099:7)
    at D:\New folder\NimbusX\node_modules\metro\src\index.flow.js:448:14
    at new Promise (<anonymous>)
    at earlyPortCheck (D:\New folder\NimbusX\node_modules\metro\src\index.flow.js:444:11)
    at Object.runServer (D:\New folder\NimbusX\node_modules\metro\src\index.flow.js:208:9)
    at Object.runServer [as func] (D:\New folder\NimbusX\node_modules\@react-native\community-cli-plugin\dist\commands\start\runServer.js:147:24)
    at process.processTicksAndRejections (node:internal/process/task_queues:105:5)
    at async Command.handleAction (D:\New folder\NimbusX\node_modules\@react-native-community\cli\build\index.js:139:9)
